Lmod has detected the following error: These module(s) or extension(s) exist
but cannot be loaded as requested: "binutils/2.28-GCCcore-6.4.0"
   Try: "module spider binutils/2.28-GCCcore-6.4.0" to see how to load the
module(s).



Starting 5 for hyper parameter setting: 
Hyper parameters:  {'lr': 0.0001, 'conv_layers': 5, 'dropout': 0.2, 'num_encoder_layers': 4, 'fashion_mnist': False}
Epoch 1/15
|████████████████████████████████████████| 1313/1313 [100%] in 5:02.3 (4.34/s) 
Loss: 0.47
|████████████████████████████████████████| 563/563 [100%] in 1:20.9 (6.96/s) 


Validating:
Validation loss decreased (inf --> 0.402110).  Saving model ...
Validation loss: 0.40
Validation accuracy: 82.13%


Epoch 2/15
|████████████████████████████████████████| 1313/1313 [100%] in 4:43.3 (4.63/s) 
Loss: 0.41
|████████████████████████████████████████| 563/563 [100%] in 1:13.3 (7.68/s) 


Validating:
Validation loss decreased (0.402110 --> 0.386773).  Saving model ...
Validation loss: 0.39
Validation accuracy: 82.63%


Epoch 3/15
|████████████████████████████████████████| 1313/1313 [100%] in 4:38.7 (4.71/s) 
Loss: 0.39
|████████████████████████████████████████| 563/563 [100%] in 1:15.5 (7.46/s) 


Validating:
Validation loss decreased (0.386773 --> 0.358675).  Saving model ...
Validation loss: 0.36
Validation accuracy: 82.74%


Epoch 4/15
|████████████████████████████████████████| 1313/1313 [100%] in 4:35.0 (4.77/s) 
Loss: 0.35
|████████████████████████████████████████| 563/563 [100%] in 1:12.5 (7.76/s) 


Validating:
Validation loss decreased (0.358675 --> 0.315241).  Saving model ...
Validation loss: 0.32
Validation accuracy: 84.00%


Epoch 5/15
|████████████████████████████████████████| 1313/1313 [100%] in 4:46.6 (4.58/s) 
Loss: 0.30
|████████████████████████████████████████| 563/563 [100%] in 1:13.4 (7.67/s) 


Validating:
Validation loss decreased (0.315241 --> 0.267005).  Saving model ...
Validation loss: 0.27
Validation accuracy: 85.59%


Epoch 6/15
|████████████████████████████████████████| 1313/1313 [100%] in 4:40.3 (4.68/s) 
Loss: 0.26
|████████████████████████████████████████| 563/563 [100%] in 1:12.5 (7.77/s) 


Validating:
Validation loss decreased (0.267005 --> 0.237686).  Saving model ...
Validation loss: 0.24
Validation accuracy: 86.68%


Epoch 7/15
|████████████████████████████████████████| 1313/1313 [100%] in 4:43.9 (4.62/s) 
Loss: 0.23
|████████████████████████████████████████| 563/563 [100%] in 1:15.6 (7.45/s) 


Validating:
Validation loss decreased (0.237686 --> 0.205652).  Saving model ...
Validation loss: 0.21
Validation accuracy: 88.16%


Epoch 8/15
|████████████████████████████████████████| 1313/1313 [100%] in 4:34.0 (4.79/s) 
Loss: 0.21
|████████████████████████████████████████| 563/563 [100%] in 1:12.2 (7.79/s) 


Validating:
Validation loss decreased (0.205652 --> 0.197226).  Saving model ...
Validation loss: 0.20
Validation accuracy: 88.81%


Epoch 9/15
|████████████████████████████████████████| 1313/1313 [100%] in 4:31.1 (4.84/s) 
Loss: 0.20
|████████████████████████████████████████| 563/563 [100%] in 1:17.3 (7.29/s) 


Validating:
Validation loss decreased (0.197226 --> 0.186596).  Saving model ...
Validation loss: 0.19
Validation accuracy: 89.30%


Epoch 10/15
|████████████████████████████████████████| 1313/1313 [100%] in 4:32.5 (4.82/s) 
Loss: 0.19
|████████████████████████████████████████| 563/563 [100%] in 1:13.7 (7.64/s) 


Validating:
Validation loss decreased (0.186596 --> 0.175570).  Saving model ...
Validation loss: 0.18
Validation accuracy: 90.10%


Epoch 11/15
|████████████████████████████████████████| 1313/1313 [100%] in 4:42.9 (4.64/s) 
Loss: 0.18
|████████████████████████████████████████| 563/563 [100%] in 1:18.7 (7.16/s) 


Validating:
Validation loss decreased (0.175570 --> 0.170672).  Saving model ...
Validation loss: 0.17
Validation accuracy: 89.99%


Epoch 12/15
|████████████████████████████████████████| 1313/1313 [100%] in 4:43.0 (4.64/s) 
Loss: 0.17
|████████████████████████████████████████| 563/563 [100%] in 1:14.1 (7.60/s) 


Validating:
Validation loss decreased (0.170672 --> 0.162777).  Saving model ...
Validation loss: 0.16
Validation accuracy: 90.54%


Epoch 13/15
|████████████████████████████████████████| 1313/1313 [100%] in 4:43.0 (4.64/s) 
Loss: 0.17
|████████████████████████████████████████| 563/563 [100%] in 1:20.5 (6.99/s) 


Validating:
Validation loss decreased (0.162777 --> 0.159952).  Saving model ...
Validation loss: 0.16
Validation accuracy: 90.91%


Epoch 14/15
|████████████████████████████████████████| 1313/1313 [100%] in 4:37.7 (4.73/s) 
Loss: 0.16
|████████████████████████████████████████| 563/563 [100%] in 1:14.5 (7.56/s) 


Validating:
Validation loss decreased (0.159952 --> 0.152369).  Saving model ...
Validation loss: 0.15
Validation accuracy: 91.55%


Epoch 15/15
|████████████████████████████████████████| 1313/1313 [100%] in 4:40.5 (4.68/s) 
Loss: 0.16
|████████████████████████████████████████| 563/563 [100%] in 1:14.5 (7.55/s) 


Validating:
Validation loss decreased (0.152369 --> 0.146153).  Saving model ...
Validation loss: 0.15
Validation accuracy: 92.21%




Testing:
|████████████████████████████████████████| 563/563 [100%] in 1:12.6 (7.76/s) 
Test loss: 0.15
Test accuracy: 92.09%


Hyper parameters:  {'lr': 0.0001, 'conv_layers': 5, 'dropout': 0.2, 'num_encoder_layers': 4, 'fashion_mnist': False}
Epoch 1/15
|████████████████████████████████████████| 1313/1313 [100%] in 4:37.5 (4.73/s) 
Loss: 0.48
|████████████████████████████████████████| 563/563 [100%] in 1:16.6 (7.35/s) 


Validating:
Validation loss decreased (inf --> 0.401668).  Saving model ...
Validation loss: 0.40
Validation accuracy: 82.51%


Epoch 2/15
|████████████████████████████████████████| 1313/1313 [100%] in 4:37.3 (4.73/s) 
Loss: 0.41
|████████████████████████████████████████| 563/563 [100%] in 1:17.4 (7.27/s) 


Validating:
Validation loss decreased (0.401668 --> 0.385607).  Saving model ...
Validation loss: 0.39
Validation accuracy: 82.63%


Epoch 3/15
|████████████████████████████████████████| 1313/1313 [100%] in 4:39.3 (4.70/s) 
Loss: 0.38
|████████████████████████████████████████| 563/563 [100%] in 1:12.6 (7.75/s) 


Validating:
Validation loss decreased (0.385607 --> 0.357935).  Saving model ...
Validation loss: 0.36
Validation accuracy: 83.20%


Epoch 4/15
|████████████████████████████████████████| 1313/1313 [100%] in 4:48.1 (4.56/s) 
Loss: 0.35
|████████████████████████████████████████| 563/563 [100%] in 1:17.0 (7.31/s) 


Validating:
Validation loss decreased (0.357935 --> 0.302880).  Saving model ...
Validation loss: 0.30
Validation accuracy: 84.41%


Epoch 5/15
|████████████████████████████████████████| 1313/1313 [100%] in 4:37.4 (4.73/s) 
Loss: 0.29
|████████████████████████████████████████| 563/563 [100%] in 1:12.3 (7.79/s) 


Validating:
Validation loss decreased (0.302880 --> 0.251025).  Saving model ...
Validation loss: 0.25
Validation accuracy: 86.08%


Epoch 6/15
|████████████████████████████████████████| 1313/1313 [100%] in 4:40.7 (4.68/s) 
Loss: 0.24
|████████████████████████████████████████| 563/563 [100%] in 1:14.4 (7.57/s) 


Validating:
Validation loss decreased (0.251025 --> 0.216349).  Saving model ...
Validation loss: 0.22
Validation accuracy: 87.68%


Epoch 7/15
|████████████████████████████████████████| 1313/1313 [100%] in 4:41.2 (4.67/s) 
Loss: 0.22
|████████████████████████████████████████| 563/563 [100%] in 1:13.5 (7.66/s) 


Validating:
Validation loss decreased (0.216349 --> 0.210261).  Saving model ...
Validation loss: 0.21
Validation accuracy: 87.93%


Epoch 8/15
|████████████████████████████████████████| 1313/1313 [100%] in 4:34.5 (4.78/s) 
Loss: 0.20
|████████████████████████████████████████| 563/563 [100%] in 1:12.9 (7.72/s) 


Validating:
Validation loss decreased (0.210261 --> 0.186176).  Saving model ...
Validation loss: 0.19
Validation accuracy: 89.03%


Epoch 9/15
|████████████████████████████████████████| 1313/1313 [100%] in 4:38.1 (4.72/s) 
Loss: 0.19
|████████████████████████████████████████| 563/563 [100%] in 1:19.9 (7.04/s) 


Validating:
Validation loss decreased (0.186176 --> 0.180736).  Saving model ...
Validation loss: 0.18
Validation accuracy: 89.39%


Epoch 10/15
|████████████████████████████████████████| 1313/1313 [100%] in 4:35.5 (4.77/s) 
Loss: 0.18
|████████████████████████████████████████| 563/563 [100%] in 1:14.9 (7.52/s) 


Validating:
Validation loss decreased (0.180736 --> 0.168733).  Saving model ...
Validation loss: 0.17
Validation accuracy: 90.43%


Epoch 11/15
|████████████████████████████████████████| 1313/1313 [100%] in 4:34.3 (4.79/s) 
Loss: 0.17
|████████████████████████████████████████| 563/563 [100%] in 1:14.2 (7.58/s) 


Validating:
Validation loss decreased (0.168733 --> 0.163689).  Saving model ...
Validation loss: 0.16
Validation accuracy: 90.90%


Epoch 12/15
|████████████████████████████████████████| 1313/1313 [100%] in 4:37.6 (4.73/s) 
Loss: 0.17
|████████████████████████████████████████| 563/563 [100%] in 1:14.2 (7.59/s) 


Validating:
Validation loss decreased (0.163689 --> 0.154398).  Saving model ...
Validation loss: 0.15
Validation accuracy: 91.54%


Epoch 13/15
|████████████████████████████████████████| 1313/1313 [100%] in 4:42.0 (4.66/s) 
Loss: 0.16
|████████████████████████████████████████| 563/563 [100%] in 1:17.1 (7.30/s) 


Validating:
Validation loss decreased (0.154398 --> 0.146335).  Saving model ...
Validation loss: 0.15
Validation accuracy: 91.99%


Epoch 14/15
|████████████████████████████████████████| 1313/1313 [100%] in 4:44.6 (4.61/s) 
Loss: 0.15
|████████████████████████████████████████| 563/563 [100%] in 1:12.7 (7.74/s) 


Validating:
Validation loss decreased (0.146335 --> 0.141724).  Saving model ...
Validation loss: 0.14
Validation accuracy: 92.38%


Epoch 15/15
|████████████████████████████████████████| 1313/1313 [100%] in 4:35.6 (4.76/s) 
Loss: 0.15
|████████████████████████████████████████| 563/563 [100%] in 1:15.9 (7.42/s) 


Validating:
Validation loss decreased (0.141724 --> 0.136310).  Saving model ...
Validation loss: 0.14
Validation accuracy: 92.87%




Testing:
|████████████████████████████████████████| 563/563 [100%] in 1:16.7 (7.34/s) 
Test loss: 0.14
Test accuracy: 92.90%


Hyper parameters:  {'lr': 0.0001, 'conv_layers': 5, 'dropout': 0.2, 'num_encoder_layers': 4, 'fashion_mnist': False}
Epoch 1/15
|████████████████████████████████████████| 1313/1313 [100%] in 4:39.8 (4.69/s) 
Loss: 0.48
|████████████████████████████████████████| 563/563 [100%] in 1:12.3 (7.79/s) 


Validating:
Validation loss decreased (inf --> 0.403553).  Saving model ...
Validation loss: 0.40
Validation accuracy: 82.09%


Epoch 2/15
|████████████████████████████████████████| 1313/1313 [100%] in 4:29.3 (4.87/s) 
Loss: 0.41
|████████████████████████████████████████| 563/563 [100%] in 1:14.9 (7.52/s) 


Validating:
Validation loss decreased (0.403553 --> 0.391992).  Saving model ...
Validation loss: 0.39
Validation accuracy: 82.57%


Epoch 3/15
|████████████████████████████████████████| 1313/1313 [100%] in 4:32.1 (4.82/s) 
Loss: 0.40
|████████████████████████████████████████| 563/563 [100%] in 1:13.1 (7.70/s) 


Validating:
Validation loss decreased (0.391992 --> 0.375487).  Saving model ...
Validation loss: 0.38
Validation accuracy: 82.91%


Epoch 4/15
|████████████████████████████████████████| 1313/1313 [100%] in 4:34.5 (4.78/s) 
Loss: 0.37
|████████████████████████████████████████| 563/563 [100%] in 1:12.9 (7.73/s) 


Validating:
Validation loss decreased (0.375487 --> 0.347717).  Saving model ...
Validation loss: 0.35
Validation accuracy: 82.90%


Epoch 5/15
|████████████████████████████████████████| 1313/1313 [100%] in 4:33.8 (4.80/s) 
Loss: 0.34
|████████████████████████████████████████| 563/563 [100%] in 1:14.4 (7.57/s) 


Validating:
Validation loss decreased (0.347717 --> 0.309459).  Saving model ...
Validation loss: 0.31
Validation accuracy: 84.21%


Epoch 6/15
|████████████████████████████████████████| 1313/1313 [100%] in 4:37.2 (4.74/s) 
Loss: 0.30
|████████████████████████████████████████| 563/563 [100%] in 1:13.1 (7.71/s) 


Validating:
Validation loss decreased (0.309459 --> 0.276022).  Saving model ...
Validation loss: 0.28
Validation accuracy: 85.63%


Epoch 7/15
|████████████████████████████████████████| 1313/1313 [100%] in 4:39.5 (4.70/s) 
Loss: 0.28
|████████████████████████████████████████| 563/563 [100%] in 1:14.1 (7.60/s) 


Validating:
Validation loss decreased (0.276022 --> 0.246482).  Saving model ...
Validation loss: 0.25
Validation accuracy: 86.54%


Epoch 8/15
|████████████████████████████████████████| 1313/1313 [100%] in 4:37.5 (4.73/s) 
Loss: 0.25
|████████████████████████████████████████| 563/563 [100%] in 1:12.9 (7.72/s) 


Validating:
Validation loss decreased (0.246482 --> 0.226268).  Saving model ...
Validation loss: 0.23
Validation accuracy: 87.57%


Epoch 9/15
|████████████████████████████████████████| 1313/1313 [100%] in 4:34.9 (4.78/s) 
Loss: 0.23
|████████████████████████████████████████| 563/563 [100%] in 1:12.5 (7.77/s) 


Validating:
Validation loss decreased (0.226268 --> 0.206054).  Saving model ...
Validation loss: 0.21
Validation accuracy: 88.23%


Epoch 10/15
|████████████████████████████████████████| 1313/1313 [100%] in 4:37.7 (4.73/s) 
Loss: 0.21
|████████████████████████████████████████| 563/563 [100%] in 1:20.4 (7.00/s) 


Validating:
Validation loss decreased (0.206054 --> 0.192005).  Saving model ...
Validation loss: 0.19
Validation accuracy: 89.16%


Epoch 11/15
|████████████████████████████████████████| 1313/1313 [100%] in 4:39.4 (4.70/s) 
Loss: 0.20
|████████████████████████████████████████| 563/563 [100%] in 1:12.7 (7.74/s) 


Validating:
Validation loss decreased (0.192005 --> 0.184831).  Saving model ...
Validation loss: 0.18
Validation accuracy: 89.47%


Epoch 12/15
|████████████████████████████████████████| 1313/1313 [100%] in 4:37.2 (4.74/s) 
Loss: 0.19
|████████████████████████████████████████| 563/563 [100%] in 1:12.6 (7.75/s) 


Validating:
Validation loss decreased (0.184831 --> 0.173267).  Saving model ...
Validation loss: 0.17
Validation accuracy: 89.91%


Epoch 13/15
|████████████████████████████████████████| 1313/1313 [100%] in 4:35.2 (4.77/s) 
Loss: 0.18
|████████████████████████████████████████| 563/563 [100%] in 1:12.7 (7.74/s) 


Validating:
Validation loss decreased (0.173267 --> 0.166930).  Saving model ...
Validation loss: 0.17
Validation accuracy: 90.43%


Epoch 14/15
|████████████████████████████████████████| 1313/1313 [100%] in 4:41.7 (4.66/s) 
Loss: 0.17
|████████████████████████████████████████| 563/563 [100%] in 1:13.9 (7.61/s) 


Validating:
Validation loss decreased (0.166930 --> 0.162413).  Saving model ...
Validation loss: 0.16
Validation accuracy: 90.84%


Epoch 15/15
|████████████████████████████████████████| 1313/1313 [100%] in 4:32.3 (4.82/s) 
Loss: 0.17
|████████████████████████████████████████| 563/563 [100%] in 1:12.8 (7.73/s) 


Validating:
Validation loss decreased (0.162413 --> 0.156525).  Saving model ...
Validation loss: 0.16
Validation accuracy: 91.26%




Testing:
|████████████████████████████████████████| 563/563 [100%] in 1:12.6 (7.75/s) 
Test loss: 0.16
Test accuracy: 91.17%


Hyper parameters:  {'lr': 0.0001, 'conv_layers': 5, 'dropout': 0.2, 'num_encoder_layers': 4, 'fashion_mnist': False}
Epoch 1/15
|████████████████████████████████████████| 1313/1313 [100%] in 4:41.0 (4.67/s) 
Loss: 0.50
|████████████████████████████████████████| 563/563 [100%] in 1:14.5 (7.56/s) 


Validating:
Validation loss decreased (inf --> 0.397855).  Saving model ...
Validation loss: 0.40
Validation accuracy: 82.40%


Epoch 2/15
|████████████████████████████████████████| 1313/1313 [100%] in 4:32.1 (4.82/s) 
Loss: 0.39
|████████████████████████████████████████| 563/563 [100%] in 1:12.2 (7.80/s) 


Validating:
Validation loss decreased (0.397855 --> 0.358213).  Saving model ...
Validation loss: 0.36
Validation accuracy: 83.05%


Epoch 3/15
|████████████████████████████████████████| 1313/1313 [100%] in 4:31.4 (4.84/s) 
Loss: 0.34
|████████████████████████████████████████| 563/563 [100%] in 1:12.2 (7.80/s) 


Validating:
Validation loss decreased (0.358213 --> 0.300590).  Saving model ...
Validation loss: 0.30
Validation accuracy: 84.95%


Epoch 4/15
|████████████████████████████████████████| 1313/1313 [100%] in 4:43.1 (4.64/s) 
Loss: 0.29
|████████████████████████████████████████| 563/563 [100%] in 1:19.3 (7.10/s) 


Validating:
Validation loss decreased (0.300590 --> 0.261288).  Saving model ...
Validation loss: 0.26
Validation accuracy: 85.99%


Epoch 5/15
|████████████████████████████████████████| 1313/1313 [100%] in 4:36.3 (4.75/s) 
Loss: 0.25
|████████████████████████████████████████| 563/563 [100%] in 1:16.1 (7.40/s) 


Validating:
Validation loss decreased (0.261288 --> 0.228194).  Saving model ...
Validation loss: 0.23
Validation accuracy: 87.40%


Epoch 6/15
|████████████████████████████████████████| 1313/1313 [100%] in 4:33.8 (4.80/s) 
Loss: 0.23
|████████████████████████████████████████| 563/563 [100%] in 1:14.1 (7.60/s) 


Validating:
Validation loss decreased (0.228194 --> 0.206590).  Saving model ...
Validation loss: 0.21
Validation accuracy: 88.32%


Epoch 7/15
|████████████████████████████████████████| 1313/1313 [100%] in 4:36.4 (4.75/s) 
Loss: 0.21
|████████████████████████████████████████| 563/563 [100%] in 1:13.1 (7.70/s) 


Validating:
Validation loss decreased (0.206590 --> 0.189910).  Saving model ...
Validation loss: 0.19
Validation accuracy: 89.52%


Epoch 8/15
|████████████████████████████████████████| 1313/1313 [100%] in 4:30.7 (4.85/s) 
Loss: 0.19
|████████████████████████████████████████| 563/563 [100%] in 1:13.3 (7.68/s) 


Validating:
Validation loss decreased (0.189910 --> 0.175988).  Saving model ...
Validation loss: 0.18
Validation accuracy: 90.46%


Epoch 9/15
|████████████████████████████████████████| 1313/1313 [100%] in 4:34.8 (4.78/s) 
Loss: 0.18
|████████████████████████████████████████| 563/563 [100%] in 1:11.9 (7.83/s) 


Validating:
Validation loss decreased (0.175988 --> 0.162687).  Saving model ...
Validation loss: 0.16
Validation accuracy: 91.61%


Epoch 10/15
|████████████████████████████████████████| 1313/1313 [100%] in 4:38.8 (4.71/s) 
Loss: 0.16
|████████████████████████████████████████| 563/563 [100%] in 1:18.9 (7.13/s) 


Validating:
Validation loss decreased (0.162687 --> 0.148806).  Saving model ...
Validation loss: 0.15
Validation accuracy: 92.87%


Epoch 11/15
|████████████████████████████████████████| 1313/1313 [100%] in 4:35.9 (4.76/s) 
Loss: 0.15
|████████████████████████████████████████| 563/563 [100%] in 1:16.3 (7.38/s) 


Validating:
Validation loss decreased (0.148806 --> 0.135272).  Saving model ...
Validation loss: 0.14
Validation accuracy: 93.79%


Epoch 12/15
|████████████████████████████████████████| 1313/1313 [100%] in 4:36.6 (4.75/s) 
Loss: 0.14
|████████████████████████████████████████| 563/563 [100%] in 1:14.2 (7.59/s) 


Validating:
Validation loss decreased (0.135272 --> 0.126771).  Saving model ...
Validation loss: 0.13
Validation accuracy: 94.50%


Epoch 13/15
|████████████████████████████████████████| 1313/1313 [100%] in 4:43.3 (4.64/s) 
Loss: 0.13
|████████████████████████████████████████| 563/563 [100%] in 1:14.7 (7.54/s) 


Validating:
Validation loss decreased (0.126771 --> 0.116695).  Saving model ...
Validation loss: 0.12
Validation accuracy: 95.01%


Epoch 14/15
|████████████████████████████████████████| 1313/1313 [100%] in 4:39.5 (4.70/s) 
Loss: 0.12
|████████████████████████████████████████| 563/563 [100%] in 1:13.0 (7.71/s) 


Validating:
Validation loss decreased (0.116695 --> 0.107548).  Saving model ...
Validation loss: 0.11
Validation accuracy: 95.45%


Epoch 15/15
|████████████████████████████████████████| 1313/1313 [100%] in 4:43.7 (4.63/s) 
Loss: 0.11
|████████████████████████████████████████| 563/563 [100%] in 1:13.3 (7.68/s) 


Validating:
Validation loss decreased (0.107548 --> 0.099827).  Saving model ...
Validation loss: 0.10
Validation accuracy: 95.86%




Testing:
|████████████████████████████████████████| 563/563 [100%] in 1:15.9 (7.42/s) 
Test loss: 0.10
Test accuracy: 95.78%


Hyper parameters:  {'lr': 0.0001, 'conv_layers': 5, 'dropout': 0.2, 'num_encoder_layers': 4, 'fashion_mnist': False}
Epoch 1/15
|████████████████████████████████████████| 1313/1313 [100%] in 4:31.7 (4.83/s) 
Loss: 0.48
|████████████████████████████████████████| 563/563 [100%] in 1:16.1 (7.40/s) 


Validating:
Validation loss decreased (inf --> 0.398604).  Saving model ...
Validation loss: 0.40
Validation accuracy: 82.60%


Epoch 2/15
