Lmod has detected the following error: These module(s) or extension(s) exist
but cannot be loaded as requested: "binutils/2.28-GCCcore-6.4.0"
   Try: "module spider binutils/2.28-GCCcore-6.4.0" to see how to load the
module(s).



Starting 5 for hyper parameter setting: 
Hyper parameters:  {'lr': 0.01, 'conv_layers': 5, 'dropout': 0.1, 'num_encoder_layers': 8, 'fashion_mnist': False}
Epoch 1/15
|████████████████████████████████████████| 1313/1313 [100%] in 16:46.8 (1.30/s) 
Loss: 0.47
|████████████████████████████████████████| 563/563 [100%] in 4:35.2 (2.05/s) 


Validating:
Validation loss decreased (inf --> 0.321839).  Saving model ...
Validation loss: 0.32
Validation accuracy: 83.42%


Epoch 2/15
|████████████████████████████████████████| 1313/1313 [100%] in 15:50.4 (1.38/s) 
Loss: 0.25
|████████████████████████████████████████| 563/563 [100%] in 4:29.4 (2.09/s) 


Validating:
Validation loss decreased (0.321839 --> 0.213805).  Saving model ...
Validation loss: 0.21
Validation accuracy: 88.07%


Epoch 3/15
|████████████████████████████████████████| 1313/1313 [100%] in 15:30.5 (1.41/s) 
Loss: 0.20
|████████████████████████████████████████| 563/563 [100%] in 4:16.7 (2.19/s) 


Validating:
Validation loss decreased (0.213805 --> 0.176738).  Saving model ...
Validation loss: 0.18
Validation accuracy: 89.52%


Epoch 4/15
|████████████████████████████████████████| 1313/1313 [100%] in 15:30.9 (1.41/s) 
Loss: 0.18
|████████████████████████████████████████| 563/563 [100%] in 4:16.4 (2.20/s) 


Validating:
Validation loss decreased (0.176738 --> 0.168099).  Saving model ...
Validation loss: 0.17
Validation accuracy: 89.94%


Epoch 5/15
|████████████████████████████████████████| 1313/1313 [100%] in 15:26.2 (1.42/s) 
Loss: 0.17
|████████████████████████████████████████| 563/563 [100%] in 4:11.6 (2.24/s) 


Validating:
Validation loss decreased (0.168099 --> 0.156190).  Saving model ...
Validation loss: 0.16
Validation accuracy: 90.32%


Epoch 6/15
|████████████████████████████████████████| 1313/1313 [100%] in 15:28.0 (1.41/s) 
Loss: 0.16
|████████████████████████████████████████| 563/563 [100%] in 4:14.0 (2.22/s) 


Validating:
Validation loss decreased (0.156190 --> 0.150869).  Saving model ...
Validation loss: 0.15
Validation accuracy: 90.51%


Epoch 7/15
|████████████████████████████████████████| 1313/1313 [100%] in 15:29.7 (1.41/s) 
Loss: 0.15
|████████████████████████████████████████| 563/563 [100%] in 4:22.6 (2.14/s) 


Validating:
Validation loss decreased (0.150869 --> 0.142564).  Saving model ...
Validation loss: 0.14
Validation accuracy: 90.78%


Epoch 8/15
|████████████████████████████████████████| 1313/1313 [100%] in 15:28.0 (1.41/s) 
Loss: 0.15
|████████████████████████████████████████| 563/563 [100%] in 4:11.5 (2.24/s) 


Validating:
EarlyStopping counter: 1 out of 3
Validation loss: 0.14
Validation accuracy: 90.74%


Epoch 9/15
|████████████████████████████████████████| 1313/1313 [100%] in 15:24.0 (1.42/s) 
Loss: 0.15
|████████████████████████████████████████| 563/563 [100%] in 4:11.1 (2.24/s) 


Validating:
EarlyStopping counter: 2 out of 3
Validation loss: 0.14
Validation accuracy: 90.73%


Epoch 10/15
|████████████████████████████████████████| 1313/1313 [100%] in 15:13.1 (1.44/s) 
Loss: 0.14
|████████████████████████████████████████| 563/563 [100%] in 4:34.7 (2.05/s) 


Validating:
Validation loss decreased (0.142564 --> 0.140543).  Saving model ...
Validation loss: 0.14
Validation accuracy: 90.81%


Epoch 11/15
|████████████████████████████████████████| 1313/1313 [100%] in 15:14.8 (1.44/s) 
Loss: 0.14
|████████████████████████████████████████| 563/563 [100%] in 4:05.9 (2.29/s) 


Validating:
Validation loss decreased (0.140543 --> 0.134892).  Saving model ...
Validation loss: 0.13
Validation accuracy: 91.07%


Epoch 12/15
|████████████████████████████████████████| 1313/1313 [100%] in 15:06.8 (1.45/s) 
Loss: 0.14
|████████████████████████████████████████| 563/563 [100%] in 4:05.4 (2.29/s) 


Validating:
EarlyStopping counter: 1 out of 3
Validation loss: 0.14
Validation accuracy: 90.94%


Epoch 13/15
|████████████████████████████████████████| 1313/1313 [100%] in 15:07.5 (1.45/s) 
Loss: 0.14
|████████████████████████████████████████| 563/563 [100%] in 4:06.7 (2.28/s) 


Validating:
EarlyStopping counter: 2 out of 3
Validation loss: 0.14
Validation accuracy: 90.96%


Epoch 14/15
|████████████████████████████████████████| 1313/1313 [100%] in 15:10.0 (1.44/s) 
Loss: 0.14
|████████████████████████████████████████| 563/563 [100%] in 4:07.7 (2.27/s) 


Validating:
Validation loss decreased (0.134892 --> 0.131913).  Saving model ...
Validation loss: 0.13
Validation accuracy: 91.16%


Epoch 15/15
|████████████████████████████████████████| 1313/1313 [100%] in 15:01.8 (1.46/s) 
Loss: 0.13
|████████████████████████████████████████| 563/563 [100%] in 4:08.8 (2.26/s) 


Validating:
EarlyStopping counter: 1 out of 3
Validation loss: 0.14
Validation accuracy: 90.93%




Testing:
|████████████████████████████████████████| 563/563 [100%] in 4:12.0 (2.23/s) 
Test loss: 0.13
Test accuracy: 91.18%


Hyper parameters:  {'lr': 0.01, 'conv_layers': 5, 'dropout': 0.1, 'num_encoder_layers': 8, 'fashion_mnist': False}
Epoch 1/15
|████████████████████████████████████████| 1313/1313 [100%] in 15:02.4 (1.46/s) 
Loss: 0.49
|████████████████████████████████████████| 563/563 [100%] in 4:06.0 (2.29/s) 


Validating:
Validation loss decreased (inf --> 0.327373).  Saving model ...
Validation loss: 0.33
Validation accuracy: 82.51%


Epoch 2/15
|████████████████████████████████████████| 1313/1313 [100%] in 14:59.9 (1.46/s) 
Loss: 0.27
|████████████████████████████████████████| 563/563 [100%] in 4:09.6 (2.26/s) 


Validating:
Validation loss decreased (0.327373 --> 0.219093).  Saving model ...
Validation loss: 0.22
Validation accuracy: 87.83%


Epoch 3/15
|████████████████████████████████████████| 1313/1313 [100%] in 15:06.6 (1.45/s) 
Loss: 0.21
|████████████████████████████████████████| 563/563 [100%] in 4:13.2 (2.22/s) 


Validating:
Validation loss decreased (0.219093 --> 0.198149).  Saving model ...
Validation loss: 0.20
Validation accuracy: 88.77%


Epoch 4/15
|████████████████████████████████████████| 1313/1313 [100%] in 14:57.5 (1.46/s) 
Loss: 0.19
|████████████████████████████████████████| 563/563 [100%] in 4:09.0 (2.26/s) 


Validating:
Validation loss decreased (0.198149 --> 0.178709).  Saving model ...
Validation loss: 0.18
Validation accuracy: 89.67%


Epoch 5/15
