Lmod has detected the following error: These module(s) or extension(s) exist
but cannot be loaded as requested: "binutils/2.28-GCCcore-6.4.0"
   Try: "module spider binutils/2.28-GCCcore-6.4.0" to see how to load the
module(s).



Starting 5 for hyper parameter setting: 
Hyper parameters:  {'lr': 0.0001, 'conv_layers': 5, 'dropout': 0.2, 'num_encoder_layers': 8, 'fashion_mnist': False}
Epoch 1/15
|████████████████████████████████████████| 1313/1313 [100%] in 8:33.3 (2.56/s) 
Loss: 0.55
|████████████████████████████████████████| 563/563 [100%] in 2:32.3 (3.70/s) 


Validating:
Validation loss decreased (inf --> 0.407240).  Saving model ...
Validation loss: 0.41
Validation accuracy: 81.21%


Epoch 2/15
|████████████████████████████████████████| 1313/1313 [100%] in 8:12.1 (2.67/s) 
Loss: 0.42
|████████████████████████████████████████| 563/563 [100%] in 2:33.3 (3.67/s) 


Validating:
Validation loss decreased (0.407240 --> 0.399028).  Saving model ...
Validation loss: 0.40
Validation accuracy: 82.61%


Epoch 3/15
|████████████████████████████████████████| 1313/1313 [100%] in 8:04.9 (2.71/s) 
Loss: 0.41
|████████████████████████████████████████| 563/563 [100%] in 2:25.6 (3.87/s) 


Validating:
Validation loss decreased (0.399028 --> 0.392942).  Saving model ...
Validation loss: 0.39
Validation accuracy: 82.60%


Epoch 4/15
|████████████████████████████████████████| 1313/1313 [100%] in 7:55.2 (2.76/s) 
Loss: 0.40
|████████████████████████████████████████| 563/563 [100%] in 2:24.6 (3.89/s) 


Validating:
Validation loss decreased (0.392942 --> 0.378272).  Saving model ...
Validation loss: 0.38
Validation accuracy: 82.82%


Epoch 5/15
|████████████████████████████████████████| 1313/1313 [100%] in 7:55.5 (2.76/s) 
Loss: 0.38
|████████████████████████████████████████| 563/563 [100%] in 2:28.7 (3.79/s) 


Validating:
Validation loss decreased (0.378272 --> 0.359757).  Saving model ...
Validation loss: 0.36
Validation accuracy: 83.08%


Epoch 6/15
|████████████████████████████████████████| 1313/1313 [100%] in 8:00.9 (2.73/s) 
Loss: 0.36
|████████████████████████████████████████| 563/563 [100%] in 2:29.7 (3.76/s) 


Validating:
Validation loss decreased (0.359757 --> 0.332870).  Saving model ...
Validation loss: 0.33
Validation accuracy: 83.45%


Epoch 7/15
|████████████████████████████████████████| 1313/1313 [100%] in 8:10.8 (2.68/s) 
Loss: 0.32
|████████████████████████████████████████| 563/563 [100%] in 2:30.6 (3.74/s) 


Validating:
Validation loss decreased (0.332870 --> 0.289670).  Saving model ...
Validation loss: 0.29
Validation accuracy: 85.15%


Epoch 8/15
|████████████████████████████████████████| 1313/1313 [100%] in 7:59.0 (2.74/s) 
Loss: 0.29
|████████████████████████████████████████| 563/563 [100%] in 2:26.2 (3.85/s) 


Validating:
Validation loss decreased (0.289670 --> 0.252583).  Saving model ...
Validation loss: 0.25
Validation accuracy: 86.23%


Epoch 9/15
|████████████████████████████████████████| 1313/1313 [100%] in 7:56.1 (2.76/s) 
Loss: 0.25
|████████████████████████████████████████| 563/563 [100%] in 2:27.9 (3.81/s) 


Validating:
Validation loss decreased (0.252583 --> 0.223460).  Saving model ...
Validation loss: 0.22
Validation accuracy: 87.29%


Epoch 10/15
|████████████████████████████████████████| 1313/1313 [100%] in 7:57.9 (2.75/s) 
Loss: 0.23
|████████████████████████████████████████| 563/563 [100%] in 2:28.6 (3.79/s) 


Validating:
Validation loss decreased (0.223460 --> 0.211285).  Saving model ...
Validation loss: 0.21
Validation accuracy: 87.78%


Epoch 11/15
|████████████████████████████████████████| 1313/1313 [100%] in 7:55.3 (2.76/s) 
Loss: 0.22
|████████████████████████████████████████| 563/563 [100%] in 2:25.9 (3.86/s) 


Validating:
Validation loss decreased (0.211285 --> 0.194129).  Saving model ...
Validation loss: 0.19
Validation accuracy: 88.51%


Epoch 12/15
|████████████████████████████████████████| 1313/1313 [100%] in 7:59.6 (2.74/s) 
Loss: 0.20
|████████████████████████████████████████| 563/563 [100%] in 2:31.5 (3.72/s) 


Validating:
Validation loss decreased (0.194129 --> 0.185866).  Saving model ...
Validation loss: 0.19
Validation accuracy: 88.96%


Epoch 13/15
|████████████████████████████████████████| 1313/1313 [100%] in 8:06.3 (2.70/s) 
Loss: 0.19
|████████████████████████████████████████| 563/563 [100%] in 2:30.5 (3.74/s) 


Validating:
Validation loss decreased (0.185866 --> 0.179228).  Saving model ...
Validation loss: 0.18
Validation accuracy: 89.13%


Epoch 14/15
|████████████████████████████████████████| 1313/1313 [100%] in 7:53.9 (2.77/s) 
Loss: 0.19
|████████████████████████████████████████| 563/563 [100%] in 2:27.7 (3.81/s) 


Validating:
Validation loss decreased (0.179228 --> 0.169476).  Saving model ...
Validation loss: 0.17
Validation accuracy: 89.58%


Epoch 15/15
|████████████████████████████████████████| 1313/1313 [100%] in 7:53.9 (2.77/s) 
Loss: 0.18
|████████████████████████████████████████| 563/563 [100%] in 2:27.6 (3.81/s) 


Validating:
Validation loss decreased (0.169476 --> 0.167322).  Saving model ...
Validation loss: 0.17
Validation accuracy: 89.66%




Testing:
|████████████████████████████████████████| 563/563 [100%] in 2:28.4 (3.79/s) 
Test loss: 0.17
Test accuracy: 89.78%


Hyper parameters:  {'lr': 0.0001, 'conv_layers': 5, 'dropout': 0.2, 'num_encoder_layers': 8, 'fashion_mnist': False}
Epoch 1/15
|████████████████████████████████████████| 1313/1313 [100%] in 7:52.4 (2.78/s) 
Loss: 0.65
|████████████████████████████████████████| 563/563 [100%] in 2:22.8 (3.94/s) 


Validating:
Validation loss decreased (inf --> 0.620185).  Saving model ...
Validation loss: 0.62
Validation accuracy: 64.43%


Epoch 2/15
|████████████████████████████████████████| 1313/1313 [100%] in 7:50.7 (2.79/s) 
Loss: 0.58
|████████████████████████████████████████| 563/563 [100%] in 2:26.6 (3.84/s) 


Validating:
Validation loss decreased (0.620185 --> 0.409258).  Saving model ...
Validation loss: 0.41
Validation accuracy: 77.87%


Epoch 3/15
|████████████████████████████████████████| 1313/1313 [100%] in 8:04.4 (2.71/s) 
Loss: 0.37
|████████████████████████████████████████| 563/563 [100%] in 2:15.0 (4.17/s) 


Validating:
Validation loss decreased (0.409258 --> 0.318456).  Saving model ...
Validation loss: 0.32
Validation accuracy: 83.69%


Epoch 4/15
|████████████████████████████████████████| 1313/1313 [100%] in 7:53.8 (2.77/s) 
Loss: 0.31
|████████████████████████████████████████| 563/563 [100%] in 2:13.2 (4.23/s) 


Validating:
Validation loss decreased (0.318456 --> 0.279688).  Saving model ...
Validation loss: 0.28
Validation accuracy: 85.47%


Epoch 5/15
|████████████████████████████████████████| 1313/1313 [100%] in 7:47.1 (2.81/s) 
Loss: 0.28
|████████████████████████████████████████| 563/563 [100%] in 2:13.4 (4.22/s) 


Validating:
Validation loss decreased (0.279688 --> 0.252797).  Saving model ...
Validation loss: 0.25
Validation accuracy: 86.35%


Epoch 6/15
|████████████████████████████████████████| 1313/1313 [100%] in 7:53.2 (2.77/s) 
Loss: 0.25
|████████████████████████████████████████| 563/563 [100%] in 2:12.9 (4.23/s) 


Validating:
Validation loss decreased (0.252797 --> 0.220942).  Saving model ...
Validation loss: 0.22
Validation accuracy: 87.41%


Epoch 7/15
|████████████████████████████████████████| 1313/1313 [100%] in 7:52.5 (2.78/s) 
Loss: 0.23
|████████████████████████████████████████| 563/563 [100%] in 2:13.2 (4.23/s) 


Validating:
Validation loss decreased (0.220942 --> 0.208746).  Saving model ...
Validation loss: 0.21
Validation accuracy: 87.89%


Epoch 8/15
|████████████████████████████████████████| 1313/1313 [100%] in 7:49.1 (2.80/s) 
Loss: 0.21
|████████████████████████████████████████| 563/563 [100%] in 2:13.2 (4.23/s) 


Validating:
Validation loss decreased (0.208746 --> 0.191793).  Saving model ...
Validation loss: 0.19
Validation accuracy: 88.73%


Epoch 9/15
|████████████████████████████████████████| 1313/1313 [100%] in 7:51.8 (2.78/s) 
Loss: 0.20
|████████████████████████████████████████| 563/563 [100%] in 2:13.6 (4.22/s) 


Validating:
Validation loss decreased (0.191793 --> 0.181583).  Saving model ...
Validation loss: 0.18
Validation accuracy: 89.58%


Epoch 10/15
|████████████████████████████████████████| 1313/1313 [100%] in 7:48.6 (2.80/s) 
Loss: 0.19
|████████████████████████████████████████| 563/563 [100%] in 2:12.1 (4.26/s) 


Validating:
Validation loss decreased (0.181583 --> 0.167998).  Saving model ...
Validation loss: 0.17
Validation accuracy: 90.67%


Epoch 11/15
|████████████████████████████████████████| 1313/1313 [100%] in 7:48.7 (2.80/s) 
Loss: 0.18
|████████████████████████████████████████| 563/563 [100%] in 2:14.0 (4.20/s) 


Validating:
Validation loss decreased (0.167998 --> 0.157867).  Saving model ...
Validation loss: 0.16
Validation accuracy: 91.40%


Epoch 12/15
|████████████████████████████████████████| 1313/1313 [100%] in 7:51.4 (2.79/s) 
Loss: 0.17
|████████████████████████████████████████| 563/563 [100%] in 2:12.4 (4.25/s) 


Validating:
Validation loss decreased (0.157867 --> 0.149946).  Saving model ...
Validation loss: 0.15
Validation accuracy: 91.86%


Epoch 13/15
|████████████████████████████████████████| 1313/1313 [100%] in 7:47.0 (2.81/s) 
Loss: 0.16
|████████████████████████████████████████| 563/563 [100%] in 2:12.5 (4.25/s) 


Validating:
Validation loss decreased (0.149946 --> 0.141006).  Saving model ...
Validation loss: 0.14
Validation accuracy: 92.74%


Epoch 14/15
|████████████████████████████████████████| 1313/1313 [100%] in 7:49.1 (2.80/s) 
Loss: 0.15
|████████████████████████████████████████| 563/563 [100%] in 2:10.5 (4.31/s) 


Validating:
Validation loss decreased (0.141006 --> 0.129313).  Saving model ...
Validation loss: 0.13
Validation accuracy: 93.51%


Epoch 15/15
|████████████████████████████████████████| 1313/1313 [100%] in 7:51.1 (2.79/s) 
Loss: 0.14
|████████████████████████████████████████| 563/563 [100%] in 2:13.8 (4.21/s) 


Validating:
Validation loss decreased (0.129313 --> 0.127530).  Saving model ...
Validation loss: 0.13
Validation accuracy: 93.96%




Testing:
|████████████████████████████████████████| 563/563 [100%] in 2:14.0 (4.20/s) 
Test loss: 0.13
Test accuracy: 94.03%


Hyper parameters:  {'lr': 0.0001, 'conv_layers': 5, 'dropout': 0.2, 'num_encoder_layers': 8, 'fashion_mnist': False}
Epoch 1/15
|████████████████████████████████████████| 1313/1313 [100%] in 7:51.6 (2.78/s) 
Loss: 0.65
|████████████████████████████████████████| 563/563 [100%] in 2:13.8 (4.21/s) 


Validating:
Validation loss decreased (inf --> 0.622251).  Saving model ...
Validation loss: 0.62
Validation accuracy: 64.50%


Epoch 2/15
|████████████████████████████████████████| 1313/1313 [100%] in 7:49.5 (2.80/s) 
Loss: 0.60
|████████████████████████████████████████| 563/563 [100%] in 2:15.8 (4.14/s) 


Validating:
Validation loss decreased (0.622251 --> 0.539354).  Saving model ...
Validation loss: 0.54
Validation accuracy: 67.66%


Epoch 3/15
|████████████████████████████████████████| 1313/1313 [100%] in 7:55.6 (2.76/s) 
Loss: 0.40
|████████████████████████████████████████| 563/563 [100%] in 2:13.3 (4.22/s) 


Validating:
Validation loss decreased (0.539354 --> 0.334462).  Saving model ...
Validation loss: 0.33
Validation accuracy: 83.04%


Epoch 4/15
|████████████████████████████████████████| 1313/1313 [100%] in 7:47.9 (2.81/s) 
Loss: 0.33
|████████████████████████████████████████| 563/563 [100%] in 2:11.7 (4.28/s) 


Validating:
Validation loss decreased (0.334462 --> 0.285863).  Saving model ...
Validation loss: 0.29
Validation accuracy: 85.08%


Epoch 5/15
|████████████████████████████████████████| 1313/1313 [100%] in 7:52.0 (2.78/s) 
Loss: 0.29
|████████████████████████████████████████| 563/563 [100%] in 2:13.4 (4.22/s) 


Validating:
Validation loss decreased (0.285863 --> 0.257510).  Saving model ...
Validation loss: 0.26
Validation accuracy: 85.90%


Epoch 6/15
|████████████████████████████████████████| 1313/1313 [100%] in 7:46.8 (2.81/s) 
Loss: 0.26
|████████████████████████████████████████| 563/563 [100%] in 2:09.3 (4.35/s) 


Validating:
Validation loss decreased (0.257510 --> 0.229238).  Saving model ...
Validation loss: 0.23
Validation accuracy: 87.22%


Epoch 7/15
