Lmod has detected the following error: These module(s) or extension(s) exist
but cannot be loaded as requested: "binutils/2.28-GCCcore-6.4.0"
   Try: "module spider binutils/2.28-GCCcore-6.4.0" to see how to load the
module(s).



Starting 5 for hyper parameter setting: 
Hyper parameters:  {'lr': 0.0001, 'conv_layers': 0, 'dropout': 0.3, 'num_encoder_layers': 4, 'fashion_mnist': 'True', 'embed_dim': 256, 'num_heads': 8}
Epoch 1/15
|████████████████████████████████████████| 1313/1313 [100%] in 9:55.7 (2.20/s) 
Loss: 0.65
|████████████████████████████████████████| 563/563 [100%] in 2:30.6 (3.74/s) 


Validating:
Validation loss decreased (inf --> 0.568083).  Saving model ...
Validation loss: 0.57
Validation accuracy: 67.67%


Epoch 2/15
|████████████████████████████████████████| 1313/1313 [100%] in 9:53.6 (2.21/s) 
Loss: 0.51
|████████████████████████████████████████| 563/563 [100%] in 2:30.6 (3.74/s) 


Validating:
Validation loss decreased (0.568083 --> 0.426344).  Saving model ...
Validation loss: 0.43
Validation accuracy: 77.40%


Epoch 3/15
|████████████████████████████████████████| 1313/1313 [100%] in 9:47.4 (2.24/s) 
Loss: 0.43
|████████████████████████████████████████| 563/563 [100%] in 2:28.6 (3.79/s) 


Validating:
Validation loss decreased (0.426344 --> 0.388452).  Saving model ...
Validation loss: 0.39
Validation accuracy: 81.73%


Epoch 4/15
|████████████████████████████████████████| 1313/1313 [100%] in 9:48.0 (2.23/s) 
Loss: 0.40
|████████████████████████████████████████| 563/563 [100%] in 2:28.8 (3.78/s) 


Validating:
Validation loss decreased (0.388452 --> 0.377477).  Saving model ...
Validation loss: 0.38
Validation accuracy: 82.89%


Epoch 5/15
|████████████████████████████████████████| 1313/1313 [100%] in 9:57.1 (2.20/s) 
Loss: 0.39
|████████████████████████████████████████| 563/563 [100%] in 2:29.8 (3.76/s) 


Validating:
Validation loss decreased (0.377477 --> 0.368378).  Saving model ...
Validation loss: 0.37
Validation accuracy: 83.17%


Epoch 6/15
|████████████████████████████████████████| 1313/1313 [100%] in 10:12.4 (2.14/s) 
Loss: 0.38
|████████████████████████████████████████| 563/563 [100%] in 2:30.7 (3.74/s) 


Validating:
Validation loss decreased (0.368378 --> 0.365421).  Saving model ...
Validation loss: 0.37
Validation accuracy: 82.16%


Epoch 7/15
|████████████████████████████████████████| 1313/1313 [100%] in 9:40.9 (2.26/s) 
Loss: 0.38
|████████████████████████████████████████| 563/563 [100%] in 2:30.5 (3.74/s) 


Validating:
Validation loss decreased (0.365421 --> 0.355149).  Saving model ...
Validation loss: 0.36
Validation accuracy: 83.11%


Epoch 8/15
|████████████████████████████████████████| 1313/1313 [100%] in 9:43.9 (2.25/s) 
Loss: 0.37
|████████████████████████████████████████| 563/563 [100%] in 2:29.9 (3.76/s) 


Validating:
Validation loss decreased (0.355149 --> 0.352648).  Saving model ...
Validation loss: 0.35
Validation accuracy: 83.84%


Epoch 9/15
|████████████████████████████████████████| 1313/1313 [100%] in 9:43.2 (2.25/s) 
Loss: 0.37
|████████████████████████████████████████| 563/563 [100%] in 2:28.9 (3.78/s) 


Validating:
Validation loss decreased (0.352648 --> 0.347772).  Saving model ...
Validation loss: 0.35
Validation accuracy: 83.14%


Epoch 10/15
|████████████████████████████████████████| 1313/1313 [100%] in 9:53.1 (2.21/s) 
Loss: 0.37
|████████████████████████████████████████| 563/563 [100%] in 2:29.4 (3.77/s) 


Validating:
Validation loss decreased (0.347772 --> 0.346709).  Saving model ...
Validation loss: 0.35
Validation accuracy: 83.46%


Epoch 11/15
|████████████████████████████████████████| 1313/1313 [100%] in 9:42.2 (2.26/s) 
Loss: 0.36
|████████████████████████████████████████| 563/563 [100%] in 2:28.4 (3.79/s) 


Validating:
Validation loss decreased (0.346709 --> 0.341137).  Saving model ...
Validation loss: 0.34
Validation accuracy: 83.25%


Epoch 12/15
|████████████████████████████████████████| 1313/1313 [100%] in 9:54.9 (2.21/s) 
Loss: 0.36
|████████████████████████████████████████| 563/563 [100%] in 2:31.0 (3.73/s) 


Validating:
Validation loss decreased (0.341137 --> 0.333621).  Saving model ...
Validation loss: 0.33
Validation accuracy: 83.61%


Epoch 13/15
|████████████████████████████████████████| 1313/1313 [100%] in 9:52.8 (2.21/s) 
Loss: 0.35
|████████████████████████████████████████| 563/563 [100%] in 2:30.8 (3.73/s) 


Validating:
Validation loss decreased (0.333621 --> 0.326342).  Saving model ...
Validation loss: 0.33
Validation accuracy: 85.09%


Epoch 14/15
|████████████████████████████████████████| 1313/1313 [100%] in 9:46.4 (2.24/s) 
Loss: 0.35
|████████████████████████████████████████| 563/563 [100%] in 2:30.9 (3.73/s) 


Validating:
Validation loss decreased (0.326342 --> 0.324475).  Saving model ...
Validation loss: 0.32
Validation accuracy: 85.27%


Epoch 15/15
|████████████████████████████████████████| 1313/1313 [100%] in 9:50.9 (2.22/s) 
Loss: 0.34
|████████████████████████████████████████| 563/563 [100%] in 2:31.1 (3.73/s) 


Validating:
Validation loss decreased (0.324475 --> 0.315955).  Saving model ...
Validation loss: 0.32
Validation accuracy: 85.82%




Testing:
|████████████████████████████████████████| 563/563 [100%] in 2:35.1 (3.63/s) 
Test loss: 0.32
Test accuracy: 85.37%


Hyper parameters:  {'lr': 0.0001, 'conv_layers': 0, 'dropout': 0.3, 'num_encoder_layers': 4, 'fashion_mnist': 'True', 'embed_dim': 256, 'num_heads': 8}
Epoch 1/15
|████████████████████████████████████████| 1313/1313 [100%] in 9:53.2 (2.21/s) 
Loss: 0.67
|████████████████████████████████████████| 563/563 [100%] in 2:31.2 (3.72/s) 


Validating:
Validation loss decreased (inf --> 0.629497).  Saving model ...
Validation loss: 0.63
Validation accuracy: 62.97%


Epoch 2/15
|████████████████████████████████████████| 1313/1313 [100%] in 10:02.7 (2.18/s) 
Loss: 0.55
|████████████████████████████████████████| 563/563 [100%] in 2:31.3 (3.72/s) 


Validating:
Validation loss decreased (0.629497 --> 0.447495).  Saving model ...
Validation loss: 0.45
Validation accuracy: 77.15%


Epoch 3/15
|████████████████████████████████████████| 1313/1313 [100%] in 10:00.1 (2.19/s) 
Loss: 0.44
|████████████████████████████████████████| 563/563 [100%] in 2:42.5 (3.46/s) 


Validating:
Validation loss decreased (0.447495 --> 0.391090).  Saving model ...
Validation loss: 0.39
Validation accuracy: 81.79%


Epoch 4/15
|████████████████████████████████████████| 1313/1313 [100%] in 9:44.7 (2.25/s) 
Loss: 0.41
|████████████████████████████████████████| 563/563 [100%] in 2:31.5 (3.72/s) 


Validating:
Validation loss decreased (0.391090 --> 0.384953).  Saving model ...
Validation loss: 0.38
Validation accuracy: 82.63%


Epoch 5/15
|████████████████████████████████████████| 1313/1313 [100%] in 10:01.6 (2.18/s) 
Loss: 0.40
|████████████████████████████████████████| 563/563 [100%] in 2:30.3 (3.74/s) 


Validating:
Validation loss decreased (0.384953 --> 0.378537).  Saving model ...
Validation loss: 0.38
Validation accuracy: 82.76%


Epoch 6/15
|████████████████████████████████████████| 1313/1313 [100%] in 10:01.7 (2.18/s) 
Loss: 0.39
|████████████████████████████████████████| 563/563 [100%] in 2:31.6 (3.71/s) 


Validating:
Validation loss decreased (0.378537 --> 0.373313).  Saving model ...
Validation loss: 0.37
Validation accuracy: 83.07%


Epoch 7/15
|████████████████████████████████████████| 1313/1313 [100%] in 9:56.5 (2.20/s) 
Loss: 0.38
|████████████████████████████████████████| 563/563 [100%] in 2:31.4 (3.72/s) 


Validating:
Validation loss decreased (0.373313 --> 0.363065).  Saving model ...
Validation loss: 0.36
Validation accuracy: 83.17%


Epoch 8/15
|████████████████████████████████████████| 1313/1313 [100%] in 9:48.1 (2.23/s) 
Loss: 0.38
|████████████████████████████████████████| 563/563 [100%] in 2:31.3 (3.72/s) 


Validating:
Validation loss decreased (0.363065 --> 0.356494).  Saving model ...
Validation loss: 0.36
Validation accuracy: 82.87%


Epoch 9/15
|████████████████████████████████████████| 1313/1313 [100%] in 9:55.8 (2.20/s) 
Loss: 0.37
|████████████████████████████████████████| 563/563 [100%] in 2:30.0 (3.75/s) 


Validating:
Validation loss decreased (0.356494 --> 0.350383).  Saving model ...
Validation loss: 0.35
Validation accuracy: 83.10%


Epoch 10/15
|████████████████████████████████████████| 1313/1313 [100%] in 9:45.4 (2.24/s) 
Loss: 0.36
|████████████████████████████████████████| 563/563 [100%] in 2:32.2 (3.70/s) 


Validating:
Validation loss decreased (0.350383 --> 0.347607).  Saving model ...
Validation loss: 0.35
Validation accuracy: 82.53%


Epoch 11/15
|████████████████████████████████████████| 1313/1313 [100%] in 9:50.3 (2.22/s) 
Loss: 0.36
|████████████████████████████████████████| 563/563 [100%] in 2:30.6 (3.74/s) 


Validating:
Validation loss decreased (0.347607 --> 0.340649).  Saving model ...
Validation loss: 0.34
Validation accuracy: 83.42%


Epoch 12/15
|████████████████████████████████████████| 1313/1313 [100%] in 10:25.7 (2.10/s) 
Loss: 0.35
|████████████████████████████████████████| 563/563 [100%] in 2:30.2 (3.75/s) 


Validating:
Validation loss decreased (0.340649 --> 0.336797).  Saving model ...
Validation loss: 0.34
Validation accuracy: 84.07%


Epoch 13/15
|████████████████████████████████████████| 1313/1313 [100%] in 9:51.9 (2.22/s) 
Loss: 0.35
|████████████████████████████████████████| 563/563 [100%] in 2:31.7 (3.71/s) 


Validating:
Validation loss decreased (0.336797 --> 0.329295).  Saving model ...
Validation loss: 0.33
Validation accuracy: 84.76%


Epoch 14/15
|████████████████████████████████████████| 1313/1313 [100%] in 9:55.6 (2.20/s) 
Loss: 0.34
|████████████████████████████████████████| 563/563 [100%] in 2:44.7 (3.42/s) 


Validating:
Validation loss decreased (0.329295 --> 0.320832).  Saving model ...
Validation loss: 0.32
Validation accuracy: 84.72%


Epoch 15/15
|████████████████████████████████████████| 1313/1313 [100%] in 9:53.4 (2.21/s) 
Loss: 0.34
|████████████████████████████████████████| 563/563 [100%] in 2:30.4 (3.74/s) 


Validating:
Validation loss decreased (0.320832 --> 0.320542).  Saving model ...
Validation loss: 0.32
Validation accuracy: 85.63%




Testing:
|████████████████████████████████████████| 563/563 [100%] in 2:31.3 (3.72/s) 
Test loss: 0.32
Test accuracy: 85.12%


Hyper parameters:  {'lr': 0.0001, 'conv_layers': 0, 'dropout': 0.3, 'num_encoder_layers': 4, 'fashion_mnist': 'True', 'embed_dim': 256, 'num_heads': 8}
Epoch 1/15
|████████████████████████████████████████| 1313/1313 [100%] in 10:02.1 (2.18/s) 
Loss: 0.65
|████████████████████████████████████████| 563/563 [100%] in 2:34.8 (3.64/s) 


Validating:
Validation loss decreased (inf --> 0.559938).  Saving model ...
Validation loss: 0.56
Validation accuracy: 67.83%


Epoch 2/15
|████████████████████████████████████████| 1313/1313 [100%] in 10:00.6 (2.19/s) 
Loss: 0.49
|████████████████████████████████████████| 563/563 [100%] in 2:30.9 (3.73/s) 


Validating:
Validation loss decreased (0.559938 --> 0.412053).  Saving model ...
Validation loss: 0.41
Validation accuracy: 79.78%


Epoch 3/15
|████████████████████████████████████████| 1313/1313 [100%] in 9:45.9 (2.24/s) 
Loss: 0.42
|████████████████████████████████████████| 563/563 [100%] in 2:30.4 (3.74/s) 


Validating:
Validation loss decreased (0.412053 --> 0.391751).  Saving model ...
Validation loss: 0.39
Validation accuracy: 81.34%


Epoch 4/15
|████████████████████████████████████████| 1313/1313 [100%] in 9:51.4 (2.22/s) 
Loss: 0.41
|████████████████████████████████████████| 563/563 [100%] in 2:32.5 (3.69/s) 


Validating:
Validation loss decreased (0.391751 --> 0.384032).  Saving model ...
Validation loss: 0.38
Validation accuracy: 82.73%


Epoch 5/15
|████████████████████████████████████████| 1313/1313 [100%] in 9:53.8 (2.21/s) 
Loss: 0.40
|████████████████████████████████████████| 563/563 [100%] in 2:54.2 (3.23/s) 


Validating:
Validation loss decreased (0.384032 --> 0.381814).  Saving model ...
Validation loss: 0.38
Validation accuracy: 82.34%


Epoch 6/15
|████████████████████████████████████████| 1313/1313 [100%] in 9:56.5 (2.20/s) 
Loss: 0.39
|████████████████████████████████████████| 563/563 [100%] in 2:34.0 (3.66/s) 


Validating:
Validation loss decreased (0.381814 --> 0.372670).  Saving model ...
Validation loss: 0.37
Validation accuracy: 81.82%


Epoch 7/15
|████████████████████████████████████████| 1313/1313 [100%] in 9:54.1 (2.21/s) 
Loss: 0.38
|████████████████████████████████████████| 563/563 [100%] in 2:31.4 (3.72/s) 


Validating:
Validation loss decreased (0.372670 --> 0.366120).  Saving model ...
Validation loss: 0.37
Validation accuracy: 82.48%


Epoch 8/15
|████████████████████████████████████████| 1313/1313 [100%] in 10:09.8 (2.15/s) 
Loss: 0.38
|████████████████████████████████████████| 563/563 [100%] in 2:32.7 (3.69/s) 


Validating:
Validation loss decreased (0.366120 --> 0.360236).  Saving model ...
Validation loss: 0.36
Validation accuracy: 82.24%


Epoch 9/15
|████████████████████████████████████████| 1313/1313 [100%] in 9:48.0 (2.23/s) 
Loss: 0.37
|████████████████████████████████████████| 563/563 [100%] in 2:32.5 (3.69/s) 


Validating:
Validation loss decreased (0.360236 --> 0.351668).  Saving model ...
Validation loss: 0.35
Validation accuracy: 83.64%


Epoch 10/15
|████████████████████████████████████████| 1313/1313 [100%] in 10:02.1 (2.18/s) 
Loss: 0.37
|████████████████████████████████████████| 563/563 [100%] in 2:33.6 (3.66/s) 


Validating:
Validation loss decreased (0.351668 --> 0.348235).  Saving model ...
Validation loss: 0.35
Validation accuracy: 83.06%


Epoch 11/15
|████████████████████████████████████████| 1313/1313 [100%] in 9:53.8 (2.21/s) 
Loss: 0.36
|████████████████████████████████████████| 563/563 [100%] in 2:32.5 (3.69/s) 


Validating:
Validation loss decreased (0.348235 --> 0.346667).  Saving model ...
Validation loss: 0.35
Validation accuracy: 83.33%


Epoch 12/15
|████████████████████████████████████████| 1313/1313 [100%] in 10:00.7 (2.19/s) 
Loss: 0.36
|████████████████████████████████████████| 563/563 [100%] in 2:33.5 (3.67/s) 


Validating:
Validation loss decreased (0.346667 --> 0.338679).  Saving model ...
Validation loss: 0.34
Validation accuracy: 83.36%


Epoch 13/15
|████████████████████████████████████████| 1313/1313 [100%] in 9:53.5 (2.21/s) 
Loss: 0.36
|████████████████████████████████████████| 563/563 [100%] in 2:31.9 (3.71/s) 


Validating:
Validation loss decreased (0.338679 --> 0.336019).  Saving model ...
Validation loss: 0.34
Validation accuracy: 83.27%


Epoch 14/15
|████████████████████████████████████████| 1313/1313 [100%] in 10:06.2 (2.17/s) 
Loss: 0.35
|████████████████████████████████████████| 563/563 [100%] in 2:50.6 (3.30/s) 


Validating:
Validation loss decreased (0.336019 --> 0.331867).  Saving model ...
Validation loss: 0.33
Validation accuracy: 83.84%


Epoch 15/15
|████████████████████████████████████████| 1313/1313 [100%] in 9:47.9 (2.23/s) 
Loss: 0.34
|████████████████████████████████████████| 563/563 [100%] in 2:31.8 (3.71/s) 


Validating:
Validation loss decreased (0.331867 --> 0.322939).  Saving model ...
Validation loss: 0.32
Validation accuracy: 84.98%




Testing:
|████████████████████████████████████████| 563/563 [100%] in 2:32.9 (3.68/s) 
Test loss: 0.32
Test accuracy: 85.04%


Hyper parameters:  {'lr': 0.0001, 'conv_layers': 0, 'dropout': 0.3, 'num_encoder_layers': 4, 'fashion_mnist': 'True', 'embed_dim': 256, 'num_heads': 8}
Epoch 1/15
|████████████████████████████████████████| 1313/1313 [100%] in 10:07.1 (2.16/s) 
Loss: 0.66
|████████████████████████████████████████| 563/563 [100%] in 2:41.8 (3.48/s) 


Validating:
Validation loss decreased (inf --> 0.559588).  Saving model ...
Validation loss: 0.56
Validation accuracy: 66.96%


Epoch 2/15
|████████████████████████████████████████| 1313/1313 [100%] in 9:49.7 (2.23/s) 
Loss: 0.49
|████████████████████████████████████████| 563/563 [100%] in 2:48.8 (3.33/s) 


Validating:
Validation loss decreased (0.559588 --> 0.414497).  Saving model ...
Validation loss: 0.41
Validation accuracy: 79.68%


Epoch 3/15
|████████████████████████████████████████| 1313/1313 [100%] in 9:52.0 (2.22/s) 
Loss: 0.42
|████████████████████████████████████████| 563/563 [100%] in 2:31.4 (3.72/s) 


Validating:
Validation loss decreased (0.414497 --> 0.389390).  Saving model ...
Validation loss: 0.39
Validation accuracy: 82.56%


Epoch 4/15
|████████████████████████████████████████| 1313/1313 [100%] in 10:04.2 (2.17/s) 
Loss: 0.41
|████████████████████████████████████████| 563/563 [100%] in 2:31.5 (3.72/s) 


Validating:
Validation loss decreased (0.389390 --> 0.381500).  Saving model ...
Validation loss: 0.38
Validation accuracy: 82.90%


Epoch 5/15
|████████████████████████████████████████| 1313/1313 [100%] in 9:47.7 (2.23/s) 
Loss: 0.40
|████████████████████████████████████████| 563/563 [100%] in 3:00.3 (3.12/s) 


Validating:
Validation loss decreased (0.381500 --> 0.371466).  Saving model ...
Validation loss: 0.37
Validation accuracy: 82.87%


Epoch 6/15
|████████████████████████████████████████| 1313/1313 [100%] in 9:55.0 (2.21/s) 
Loss: 0.39
|████████████████████████████████████████| 563/563 [100%] in 2:32.5 (3.69/s) 


Validating:
Validation loss decreased (0.371466 --> 0.367638).  Saving model ...
Validation loss: 0.37
Validation accuracy: 83.60%


Epoch 7/15
|████████████████████████████████████████| 1313/1313 [100%] in 10:11.0 (2.15/s) 
Loss: 0.38
|████████████████████████████████████████| 563/563 [100%] in 2:32.5 (3.69/s) 


Validating:
Validation loss decreased (0.367638 --> 0.362407).  Saving model ...
Validation loss: 0.36
Validation accuracy: 83.29%


Epoch 8/15
|████████████████████████████████████████| 1313/1313 [100%] in 9:59.0 (2.19/s) 
Loss: 0.37
|████████████████████████████████████████| 563/563 [100%] in 2:32.5 (3.69/s) 


Validating:
Validation loss decreased (0.362407 --> 0.357132).  Saving model ...
Validation loss: 0.36
Validation accuracy: 83.33%


Epoch 9/15
|████████████████████████████████████████| 1313/1313 [100%] in 9:59.3 (2.19/s) 
Loss: 0.37
|████████████████████████████████████████| 563/563 [100%] in 2:30.3 (3.75/s) 


Validating:
Validation loss decreased (0.357132 --> 0.349348).  Saving model ...
Validation loss: 0.35
Validation accuracy: 83.17%


Epoch 10/15
|████████████████████████████████████████| 1313/1313 [100%] in 9:55.8 (2.20/s) 
Loss: 0.36
|████████████████████████████████████████| 563/563 [100%] in 2:30.3 (3.75/s) 


Validating:
Validation loss decreased (0.349348 --> 0.342909).  Saving model ...
Validation loss: 0.34
Validation accuracy: 83.63%


Epoch 11/15
|████████████████████████████████████████| 1313/1313 [100%] in 9:54.8 (2.21/s) 
Loss: 0.36
|████████████████████████████████████████| 563/563 [100%] in 2:32.2 (3.70/s) 


Validating:
Validation loss decreased (0.342909 --> 0.338137).  Saving model ...
Validation loss: 0.34
Validation accuracy: 83.48%


Epoch 12/15
|████████████████████████████████████████| 1313/1313 [100%] in 9:59.9 (2.19/s) 
Loss: 0.35
|████████████████████████████████████████| 563/563 [100%] in 2:33.1 (3.68/s) 


Validating:
Validation loss decreased (0.338137 --> 0.332703).  Saving model ...
Validation loss: 0.33
Validation accuracy: 84.75%


Epoch 13/15
|████████████████████████████████████████| 1313/1313 [100%] in 9:53.1 (2.21/s) 
Loss: 0.34
|████████████████████████████████████████| 563/563 [100%] in 2:31.8 (3.71/s) 


Validating:
Validation loss decreased (0.332703 --> 0.325402).  Saving model ...
Validation loss: 0.33
Validation accuracy: 84.92%


Epoch 14/15
|████████████████████████████████████████| 1313/1313 [100%] in 10:20.0 (2.12/s) 
Loss: 0.34
|████████████████████████████████████████| 563/563 [100%] in 2:31.3 (3.72/s) 


Validating:
Validation loss decreased (0.325402 --> 0.319360).  Saving model ...
Validation loss: 0.32
Validation accuracy: 85.51%


Epoch 15/15
|████████████████████████████████████████| 1313/1313 [100%] in 10:01.4 (2.18/s) 
Loss: 0.34
|████████████████████████████████████████| 563/563 [100%] in 2:55.7 (3.20/s) 


Validating:
Validation loss decreased (0.319360 --> 0.315191).  Saving model ...
Validation loss: 0.32
Validation accuracy: 85.78%




Testing:
|████████████████████████████████████████| 563/563 [100%] in 2:33.2 (3.68/s) 
Test loss: 0.31
Test accuracy: 85.60%


Hyper parameters:  {'lr': 0.0001, 'conv_layers': 0, 'dropout': 0.3, 'num_encoder_layers': 4, 'fashion_mnist': 'True', 'embed_dim': 256, 'num_heads': 8}
Epoch 1/15
|████████████████████████████████████████| 1313/1313 [100%] in 9:49.1 (2.23/s) 
Loss: 0.66
|████████████████████████████████████████| 563/563 [100%] in 3:09.8 (2.97/s) 


Validating:
Validation loss decreased (inf --> 0.610518).  Saving model ...
Validation loss: 0.61
Validation accuracy: 64.67%


Epoch 2/15
|████████████████████████████████████████| 1313/1313 [100%] in 9:43.0 (2.25/s) 
Loss: 0.53
|████████████████████████████████████████| 563/563 [100%] in 2:31.7 (3.71/s) 


Validating:
Validation loss decreased (0.610518 --> 0.448895).  Saving model ...
Validation loss: 0.45
Validation accuracy: 76.11%


Epoch 3/15
|████████████████████████████████████████| 1313/1313 [100%] in 9:47.8 (2.23/s) 
Loss: 0.44
|████████████████████████████████████████| 563/563 [100%] in 2:32.8 (3.68/s) 


Validating:
Validation loss decreased (0.448895 --> 0.396737).  Saving model ...
Validation loss: 0.40
Validation accuracy: 81.61%


Epoch 4/15
|████████████████████████████████████████| 1313/1313 [100%] in 9:49.4 (2.23/s) 
Loss: 0.41
|████████████████████████████████████████| 563/563 [100%] in 2:30.6 (3.74/s) 


Validating:
Validation loss decreased (0.396737 --> 0.386584).  Saving model ...
Validation loss: 0.39
Validation accuracy: 81.95%


Epoch 5/15
|████████████████████████████████████████| 1313/1313 [100%] in 9:45.7 (2.24/s) 
Loss: 0.40
|████████████████████████████████████████| 563/563 [100%] in 2:31.9 (3.71/s) 


Validating:
Validation loss decreased (0.386584 --> 0.378255).  Saving model ...
Validation loss: 0.38
Validation accuracy: 82.01%


Epoch 6/15
|████████████████████████████████████████| 1313/1313 [100%] in 10:01.7 (2.18/s) 
Loss: 0.40
|████████████████████████████████████████| 563/563 [100%] in 2:33.1 (3.68/s) 


Validating:
Validation loss decreased (0.378255 --> 0.374734).  Saving model ...
Validation loss: 0.37
Validation accuracy: 83.40%


Epoch 7/15
|████████████████████████████████████████| 1313/1313 [100%] in 9:42.8 (2.25/s) 
Loss: 0.39
|████████████████████████████████████████| 563/563 [100%] in 2:32.2 (3.70/s) 


Validating:
Validation loss decreased (0.374734 --> 0.368459).  Saving model ...
Validation loss: 0.37
Validation accuracy: 82.56%


Epoch 8/15
|████████████████████████████████████████| 1313/1313 [100%] in 9:44.9 (2.24/s) 
Loss: 0.38
|████████████████████████████████████████| 563/563 [100%] in 2:29.9 (3.76/s) 


Validating:
Validation loss decreased (0.368459 --> 0.364472).  Saving model ...
Validation loss: 0.36
Validation accuracy: 83.27%


Epoch 9/15
|████████████████████████████████████████| 1313/1313 [100%] in 9:48.2 (2.23/s) 
Loss: 0.37
|████████████████████████████████████████| 563/563 [100%] in 2:29.9 (3.76/s) 


Validating:
Validation loss decreased (0.364472 --> 0.357664).  Saving model ...
Validation loss: 0.36
Validation accuracy: 82.93%


Epoch 10/15
|████████████████████████████████████████| 1313/1313 [100%] in 9:41.8 (2.26/s) 
Loss: 0.37
|████████████████████████████████████████| 563/563 [100%] in 2:31.9 (3.71/s) 


Validating:
Validation loss decreased (0.357664 --> 0.353977).  Saving model ...
Validation loss: 0.35
Validation accuracy: 83.59%


Epoch 11/15
|████████████████████████████████████████| 1313/1313 [100%] in 9:55.9 (2.20/s) 
Loss: 0.36
|████████████████████████████████████████| 563/563 [100%] in 2:32.4 (3.69/s) 


Validating:
Validation loss decreased (0.353977 --> 0.348294).  Saving model ...
Validation loss: 0.35
Validation accuracy: 84.01%


Epoch 12/15
|████████████████████████████████████████| 1313/1313 [100%] in 9:55.4 (2.21/s) 
Loss: 0.36
|████████████████████████████████████████| 563/563 [100%] in 2:30.6 (3.74/s) 


Validating:
Validation loss decreased (0.348294 --> 0.338140).  Saving model ...
Validation loss: 0.34
Validation accuracy: 84.26%


Epoch 13/15
|████████████████████████████████████████| 1313/1313 [100%] in 9:58.1 (2.20/s) 
Loss: 0.35
|████████████████████████████████████████| 563/563 [100%] in 2:35.2 (3.63/s) 


Validating:
Validation loss decreased (0.338140 --> 0.333876).  Saving model ...
Validation loss: 0.33
Validation accuracy: 84.57%


Epoch 14/15
|████████████████████████████████████████| 1313/1313 [100%] in 9:50.0 (2.23/s) 
Loss: 0.34
|████████████████████████████████████████| 563/563 [100%] in 2:30.0 (3.75/s) 


Validating:
Validation loss decreased (0.333876 --> 0.328308).  Saving model ...
Validation loss: 0.33
Validation accuracy: 84.87%


Epoch 15/15
|████████████████████████████████████████| 1313/1313 [100%] in 10:14.2 (2.14/s) 
Loss: 0.34
|████████████████████████████████████████| 563/563 [100%] in 2:31.2 (3.72/s) 


Validating:
Validation loss decreased (0.328308 --> 0.324591).  Saving model ...
Validation loss: 0.32
Validation accuracy: 85.49%




Testing:
|████████████████████████████████████████| 563/563 [100%] in 3:08.1 (2.99/s) 
Test loss: 0.32
Test accuracy: 86.14%


Done with 5 runs!



Starting 5 for hyper parameter setting: 
Hyper parameters:  {'lr': 0.0001, 'conv_layers': 0, 'dropout': 0.1, 'num_encoder_layers': 8, 'fashion_mnist': 'True', 'embed_dim': 256, 'num_heads': 8}
Epoch 1/15
|████████████████████████████████████████| 1313/1313 [100%] in 16:49.4 (1.30/s) 
Loss: 0.64
|████████████████████████████████████████| 563/563 [100%] in 4:44.0 (1.98/s) 


Validating:
Validation loss decreased (inf --> 0.543199).  Saving model ...
Validation loss: 0.54
Validation accuracy: 68.72%


Epoch 2/15
|████████████████████████████████████████| 1313/1313 [100%] in 17:02.1 (1.28/s) 
Loss: 0.45
|████████████████████████████████████████| 563/563 [100%] in 4:48.8 (1.95/s) 


Validating:
Validation loss decreased (0.543199 --> 0.395789).  Saving model ...
Validation loss: 0.40
Validation accuracy: 82.05%


Epoch 3/15
|████████████████████████████████████████| 1313/1313 [100%] in 16:44.9 (1.31/s) 
Loss: 0.40
|████████████████████████████████████████| 563/563 [100%] in 5:24.0 (1.74/s) 


Validating:
Validation loss decreased (0.395789 --> 0.387557).  Saving model ...
Validation loss: 0.39
Validation accuracy: 83.38%


Epoch 4/15
|████████████████████████████████████████| 1313/1313 [100%] in 16:54.0 (1.29/s) 
Loss: 0.39
|████████████████████████████████████████| 563/563 [100%] in 4:48.6 (1.95/s) 


Validating:
Validation loss decreased (0.387557 --> 0.384281).  Saving model ...
Validation loss: 0.38
Validation accuracy: 82.62%


Epoch 5/15
|████████████████████████████████████████| 1313/1313 [100%] in 17:12.7 (1.27/s) 
Loss: 0.39
|████████████████████████████████████████| 563/563 [100%] in 4:46.5 (1.97/s) 


Validating:
Validation loss decreased (0.384281 --> 0.378657).  Saving model ...
Validation loss: 0.38
Validation accuracy: 82.54%


Epoch 6/15
|████████████████████████████████████████| 1313/1313 [100%] in 16:45.8 (1.31/s) 
Loss: 0.38
|████████████████████████████████████████| 563/563 [100%] in 4:58.8 (1.88/s) 


Validating:
Validation loss decreased (0.378657 --> 0.371414).  Saving model ...
Validation loss: 0.37
Validation accuracy: 82.48%


Epoch 7/15
|████████████████████████████████████████| 1313/1313 [100%] in 17:08.4 (1.28/s) 
Loss: 0.37
|████████████████████████████████████████| 563/563 [100%] in 4:52.1 (1.93/s) 


Validating:
Validation loss decreased (0.371414 --> 0.360006).  Saving model ...
Validation loss: 0.36
Validation accuracy: 83.22%


Epoch 8/15
|████████████████████████████████████████| 1313/1313 [100%] in 17:02.1 (1.28/s) 
Loss: 0.37
|████████████████████████████████████████| 563/563 [100%] in 4:46.4 (1.97/s) 


Validating:
Validation loss decreased (0.360006 --> 0.354182).  Saving model ...
Validation loss: 0.35
Validation accuracy: 83.36%


Epoch 9/15
|████████████████████████████████████████| 1313/1313 [100%] in 16:51.3 (1.30/s) 
Loss: 0.36
|████████████████████████████████████████| 563/563 [100%] in 4:51.9 (1.93/s) 


Validating:
Validation loss decreased (0.354182 --> 0.341834).  Saving model ...
Validation loss: 0.34
Validation accuracy: 83.84%


Epoch 10/15
|████████████████████████████████████████| 1313/1313 [100%] in 16:48.0 (1.30/s) 
Loss: 0.35
|████████████████████████████████████████| 563/563 [100%] in 4:45.7 (1.97/s) 


Validating:
EarlyStopping counter: 1 out of 3
Validation loss: 0.34
Validation accuracy: 83.60%


Epoch 11/15
|████████████████████████████████████████| 1313/1313 [100%] in 16:47.9 (1.30/s) 
Loss: 0.35
|████████████████████████████████████████| 563/563 [100%] in 4:44.7 (1.98/s) 


Validating:
Validation loss decreased (0.341834 --> 0.336259).  Saving model ...
Validation loss: 0.34
Validation accuracy: 84.04%


Epoch 12/15
|████████████████████████████████████████| 1313/1313 [100%] in 17:02.6 (1.28/s) 
Loss: 0.34
|████████████████████████████████████████| 563/563 [100%] in 4:48.6 (1.95/s) 


Validating:
Validation loss decreased (0.336259 --> 0.325825).  Saving model ...
Validation loss: 0.33
Validation accuracy: 83.99%


Epoch 13/15
|████████████████████████████████████████| 1313/1313 [100%] in 17:32.7 (1.25/s) 
Loss: 0.34
|████████████████████████████████████████| 563/563 [100%] in 4:55.9 (1.90/s) 


Validating:
Validation loss decreased (0.325825 --> 0.319734).  Saving model ...
Validation loss: 0.32
Validation accuracy: 84.36%


Epoch 14/15
|████████████████████████████████████████| 1313/1313 [100%] in 17:11.2 (1.27/s) 
Loss: 0.33
|████████████████████████████████████████| 563/563 [100%] in 4:50.1 (1.94/s) 


Validating:
Validation loss decreased (0.319734 --> 0.318424).  Saving model ...
Validation loss: 0.32
Validation accuracy: 84.62%


Epoch 15/15
|████████████████████████████████████████| 1313/1313 [100%] in 17:13.6 (1.27/s) 
Loss: 0.32
|████████████████████████████████████████| 563/563 [100%] in 5:52.6 (1.60/s) 


Validating:
Validation loss decreased (0.318424 --> 0.306583).  Saving model ...
Validation loss: 0.31
Validation accuracy: 86.15%




Testing:
|████████████████████████████████████████| 563/563 [100%] in 5:23.1 (1.74/s) 
Test loss: 0.31
Test accuracy: 85.63%


Hyper parameters:  {'lr': 0.0001, 'conv_layers': 0, 'dropout': 0.1, 'num_encoder_layers': 8, 'fashion_mnist': 'True', 'embed_dim': 256, 'num_heads': 8}
Epoch 1/15
|████████████████████████████████████████| 1313/1313 [100%] in 17:11.6 (1.27/s) 
Loss: 0.63
|████████████████████████████████████████| 563/563 [100%] in 4:56.9 (1.90/s) 


Validating:
Validation loss decreased (inf --> 0.508498).  Saving model ...
Validation loss: 0.51
Validation accuracy: 71.54%


Epoch 2/15
|████████████████████████████████████████| 1313/1313 [100%] in 17:06.5 (1.28/s) 
Loss: 0.44
|████████████████████████████████████████| 563/563 [100%] in 4:53.1 (1.92/s) 


Validating:
Validation loss decreased (0.508498 --> 0.394779).  Saving model ...
Validation loss: 0.39
Validation accuracy: 82.15%


Epoch 3/15
|████████████████████████████████████████| 1313/1313 [100%] in 17:12.9 (1.27/s) 
Loss: 0.40
|████████████████████████████████████████| 563/563 [100%] in 5:02.7 (1.86/s) 


Validating:
Validation loss decreased (0.394779 --> 0.387752).  Saving model ...
Validation loss: 0.39
Validation accuracy: 82.50%


Epoch 4/15
|████████████████████████████████████████| 1313/1313 [100%] in 17:13.0 (1.27/s) 
Loss: 0.40
|████████████████████████████████████████| 563/563 [100%] in 5:16.5 (1.78/s) 


Validating:
Validation loss decreased (0.387752 --> 0.386558).  Saving model ...
Validation loss: 0.39
Validation accuracy: 82.57%


Epoch 5/15
|████████████████████████████████████████| 1313/1313 [100%] in 17:06.4 (1.28/s) 
Loss: 0.39
|████████████████████████████████████████| 563/563 [100%] in 4:51.5 (1.93/s) 


Validating:
Validation loss decreased (0.386558 --> 0.377900).  Saving model ...
Validation loss: 0.38
Validation accuracy: 82.02%


Epoch 6/15
|████████████████████████████████████████| 1313/1313 [100%] in 17:07.1 (1.28/s) 
Loss: 0.38
|████████████████████████████████████████| 563/563 [100%] in 4:54.3 (1.91/s) 


Validating:
Validation loss decreased (0.377900 --> 0.373282).  Saving model ...
Validation loss: 0.37
Validation accuracy: 82.98%


Epoch 7/15
|████████████████████████████████████████| 1313/1313 [100%] in 17:06.0 (1.28/s) 
Loss: 0.38
|████████████████████████████████████████| 563/563 [100%] in 4:51.8 (1.93/s) 


Validating:
Validation loss decreased (0.373282 --> 0.363468).  Saving model ...
Validation loss: 0.36
Validation accuracy: 82.93%


Epoch 8/15
|████████████████████████████████████████| 1313/1313 [100%] in 17:14.7 (1.27/s) 
Loss: 0.37
|████████████████████████████████████████| 563/563 [100%] in 5:38.5 (1.66/s) 


Validating:
Validation loss decreased (0.363468 --> 0.358753).  Saving model ...
Validation loss: 0.36
Validation accuracy: 83.35%


Epoch 9/15
|████████████████████████████████████████| 1313/1313 [100%] in 17:17.8 (1.27/s) 
Loss: 0.36
|████████████████████████████████████████| 563/563 [100%] in 4:55.3 (1.91/s) 


Validating:
Validation loss decreased (0.358753 --> 0.353222).  Saving model ...
Validation loss: 0.35
Validation accuracy: 82.95%


Epoch 10/15
|████████████████████████████████████████| 1313/1313 [100%] in 17:17.1 (1.27/s) 
Loss: 0.36
|████████████████████████████████████████| 563/563 [100%] in 5:21.5 (1.75/s) 


Validating:
Validation loss decreased (0.353222 --> 0.352194).  Saving model ...
Validation loss: 0.35
Validation accuracy: 82.84%


Epoch 11/15
|████████████████████████████████████████| 1313/1313 [100%] in 17:11.7 (1.27/s) 
Loss: 0.35
|████████████████████████████████████████| 563/563 [100%] in 4:51.5 (1.93/s) 


Validating:
Validation loss decreased (0.352194 --> 0.343026).  Saving model ...
Validation loss: 0.34
Validation accuracy: 83.13%


Epoch 12/15
|████████████████████████████████████████| 1313/1313 [100%] in 17:01.8 (1.29/s) 
Loss: 0.35
|████████████████████████████████████████| 563/563 [100%] in 4:58.2 (1.89/s) 


Validating:
Validation loss decreased (0.343026 --> 0.337357).  Saving model ...
Validation loss: 0.34
Validation accuracy: 83.50%


Epoch 13/15
|████████████████████████████████████████| 1313/1313 [100%] in 17:10.3 (1.27/s) 
Loss: 0.34
|████████████████████████████████████████| 563/563 [100%] in 4:52.7 (1.92/s) 


Validating:
Validation loss decreased (0.337357 --> 0.330643).  Saving model ...
Validation loss: 0.33
Validation accuracy: 83.75%


Epoch 14/15
|████████████████████████████████████████| 1313/1313 [100%] in 17:23.7 (1.26/s) 
Loss: 0.33
|████████████████████████████████████████| 563/563 [100%] in 4:55.9 (1.90/s) 


Validating:
Validation loss decreased (0.330643 --> 0.321976).  Saving model ...
Validation loss: 0.32
Validation accuracy: 84.03%


Epoch 15/15
|████████████████████████████████████████| 1313/1313 [100%] in 17:04.0 (1.28/s) 
Loss: 0.33
|████████████████████████████████████████| 563/563 [100%] in 4:53.5 (1.92/s) 


Validating:
Validation loss decreased (0.321976 --> 0.310535).  Saving model ...
Validation loss: 0.31
Validation accuracy: 85.07%




Testing:
|████████████████████████████████████████| 563/563 [100%] in 4:55.8 (1.90/s) 
Test loss: 0.31
Test accuracy: 85.22%


Hyper parameters:  {'lr': 0.0001, 'conv_layers': 0, 'dropout': 0.1, 'num_encoder_layers': 8, 'fashion_mnist': 'True', 'embed_dim': 256, 'num_heads': 8}
Epoch 1/15
|████████████████████████████████████████| 1313/1313 [100%] in 17:23.0 (1.26/s) 
Loss: 0.65
|████████████████████████████████████████| 563/563 [100%] in 4:52.2 (1.93/s) 


Validating:
Validation loss decreased (inf --> 0.596159).  Saving model ...
Validation loss: 0.60
Validation accuracy: 64.54%


Epoch 2/15
|████████████████████████████████████████| 1313/1313 [100%] in 17:22.7 (1.26/s) 
Loss: 0.46
|████████████████████████████████████████| 563/563 [100%] in 4:52.7 (1.92/s) 


Validating:
Validation loss decreased (0.596159 --> 0.398856).  Saving model ...
Validation loss: 0.40
Validation accuracy: 81.29%


Epoch 3/15
|████████████████████████████████████████| 1313/1313 [100%] in 17:14.6 (1.27/s) 
Loss: 0.40
|████████████████████████████████████████| 563/563 [100%] in 4:53.4 (1.92/s) 


Validating:
Validation loss decreased (0.398856 --> 0.388838).  Saving model ...
Validation loss: 0.39
Validation accuracy: 82.37%


Epoch 4/15
|████████████████████████████████████████| 1313/1313 [100%] in 17:43.1 (1.24/s) 
Loss: 0.39
|████████████████████████████████████████| 563/563 [100%] in 4:53.6 (1.92/s) 


Validating:
Validation loss decreased (0.388838 --> 0.377209).  Saving model ...
Validation loss: 0.38
Validation accuracy: 82.64%


Epoch 5/15
|████████████████████████████████████████| 1313/1313 [100%] in 17:54.7 (1.22/s) 
Loss: 0.38
|████████████████████████████████████████| 563/563 [100%] in 4:52.0 (1.93/s) 


Validating:
Validation loss decreased (0.377209 --> 0.365038).  Saving model ...
Validation loss: 0.37
Validation accuracy: 82.84%


Epoch 6/15
|████████████████████████████████████████| 1313/1313 [100%] in 17:17.6 (1.27/s) 
Loss: 0.37
|████████████████████████████████████████| 563/563 [100%] in 5:16.7 (1.78/s) 


Validating:
Validation loss decreased (0.365038 --> 0.354384).  Saving model ...
Validation loss: 0.35
Validation accuracy: 83.28%


Epoch 7/15
|████████████████████████████████████████| 1313/1313 [100%] in 17:32.7 (1.25/s) 
Loss: 0.36
|████████████████████████████████████████| 563/563 [100%] in 4:52.9 (1.92/s) 


Validating:
Validation loss decreased (0.354384 --> 0.345632).  Saving model ...
Validation loss: 0.35
Validation accuracy: 83.11%


Epoch 8/15
|████████████████████████████████████████| 1313/1313 [100%] in 17:32.4 (1.25/s) 
Loss: 0.35
|████████████████████████████████████████| 563/563 [100%] in 4:49.1 (1.95/s) 


Validating:
Validation loss decreased (0.345632 --> 0.342375).  Saving model ...
Validation loss: 0.34
Validation accuracy: 83.34%


Epoch 9/15
|████████████████████████████████████████| 1313/1313 [100%] in 17:07.9 (1.28/s) 
Loss: 0.35
|████████████████████████████████████████| 563/563 [100%] in 5:16.0 (1.78/s) 


Validating:
Validation loss decreased (0.342375 --> 0.335722).  Saving model ...
Validation loss: 0.34
Validation accuracy: 83.85%


Epoch 10/15
|████████████████████████████████████████| 1313/1313 [100%] in 17:18.4 (1.26/s) 
Loss: 0.34
|████████████████████████████████████████| 563/563 [100%] in 5:15.8 (1.78/s) 


Validating:
Validation loss decreased (0.335722 --> 0.328340).  Saving model ...
Validation loss: 0.33
Validation accuracy: 84.92%


Epoch 11/15
|████████████████████████████████████████| 1313/1313 [100%] in 17:06.3 (1.28/s) 
Loss: 0.33
|████████████████████████████████████████| 563/563 [100%] in 4:50.7 (1.94/s) 


Validating:
Validation loss decreased (0.328340 --> 0.316326).  Saving model ...
Validation loss: 0.32
Validation accuracy: 85.90%


Epoch 12/15
|████████████████████████████████████████| 1313/1313 [100%] in 17:16.0 (1.27/s) 
Loss: 0.32
|████████████████████████████████████████| 563/563 [100%] in 4:51.2 (1.93/s) 


Validating:
Validation loss decreased (0.316326 --> 0.307766).  Saving model ...
Validation loss: 0.31
Validation accuracy: 86.79%


Epoch 13/15
|████████████████████████████████████████| 1313/1313 [100%] in 17:07.0 (1.28/s) 
Loss: 0.32
|████████████████████████████████████████| 563/563 [100%] in 4:52.6 (1.92/s) 


Validating:
Validation loss decreased (0.307766 --> 0.305025).  Saving model ...
Validation loss: 0.31
Validation accuracy: 86.75%


Epoch 14/15
|████████████████████████████████████████| 1313/1313 [100%] in 17:13.3 (1.27/s) 
Loss: 0.31
|████████████████████████████████████████| 563/563 [100%] in 5:22.6 (1.75/s) 


Validating:
Validation loss decreased (0.305025 --> 0.303477).  Saving model ...
Validation loss: 0.30
Validation accuracy: 88.13%


Epoch 15/15
