-------------------  -------------------------------------------
(0.1, 0.01, 8, 1)    [0.027235612273216248, 0.9291148781776428]
(0.2, 0.0001, 8, 1)  [0.00406055198982358, 0.8958999514579773]
(0.1, 0.01, 4, 5)    [0.0008323949878104031, 0.8714476227760315]
(0.1, 0.001, 4, 1)   [0.0020699736196547747, 0.9400976896286011]
(0.2, 0.0001, 4, 5)  [0.0021554180420935154, 0.9303433895111084]
(0.1, 0.001, 8, 5)   [0.06891515851020813, 0.8748964071273804]
(0.1, 0.001, 8, 1)   [0]
(0.3, 0.001, 8, 5)   [0]
(0.2, 0.01, 8, 3)    [0]
(0.2, 0.001, 2, 1)   [0]
(0.1, 0.01, 2, 5)    [0]
(0.1, 0.01, 2, 3)    [0]
(0.2, 0.001, 4, 3)   [0]
(0.1, 0.0001, 2, 3)  [0]
(0.1, 0.001, 8, 3)   [0]
(0.1, 0.001, 2, 5)   [0]
(0.1, 0.01, 4, 1)    [0]
(0.1, 0.001, 2, 3)   [0]
(0.2, 0.001, 8, 5)   [0]
(0.3, 0.0001, 8, 1)  [0]
(0.2, 0.01, 4, 1)    [0]
(0.1, 0.0001, 8, 3)  [0]
(0.1, 0.0001, 4, 3)  [0]
(0.3, 0.0001, 2, 3)  [0]
(0.2, 0.0001, 4, 1)  [0]
(0.2, 0.01, 4, 3)    [0]
(0.1, 0.0001, 8, 1)  [0]
(0.3, 0.0001, 4, 5)  [0]
(0.2, 0.01, 2, 3)    [0]
(0.3, 0.001, 8, 1)   [0]
(0.1, 0.0001, 4, 1)  [0]
(0.1, 0.0001, 8, 5)  [0]
(0.1, 0.01, 8, 5)    [0]
(0.2, 0.01, 8, 1)    [0]
(0.1, 0.01, 4, 3)    [0]
(0.2, 0.001, 4, 1)   [0]
(0.1, 0.0001, 4, 5)  [0]
(0.3, 0.0001, 8, 5)  [0]
(0.3, 0.01, 4, 5)    [0]
(0.3, 0.0001, 8, 3)  [0]
(0.3, 0.001, 2, 3)   [0]
(0.2, 0.0001, 4, 3)  [0]
(0.1, 0.001, 4, 3)   [0]
(0.2, 0.01, 8, 5)    [0]
(0.3, 0.0001, 2, 1)  [0]
(0.3, 0.01, 2, 1)    [0]
(0.3, 0.01, 4, 3)    [0]
(0.3, 0.01, 2, 3)    [0]
(0.1, 0.001, 4, 5)   [0]
(0.1, 0.01, 8, 3)    [0]
(0.1, 0.01, 2, 1)    [0]
(0.3, 0.01, 8, 3)    [0]
(0.2, 0.01, 2, 1)    [0]
(0.2, 0.001, 8, 3)   [0]
(0.3, 0.0001, 4, 1)  [0]
(0.3, 0.01, 2, 5)    [0]
(0.2, 0.001, 2, 3)   [0]
(0.3, 0.001, 2, 1)   [0]
(0.1, 0.0001, 2, 1)  [0]
(0.3, 0.001, 8, 3)   [0]
(0.2, 0.0001, 8, 3)  [0]
(0.3, 0.001, 2, 5)   [0]
(0.3, 0.001, 4, 5)   [0]
(0.1, 0.001, 2, 1)   [0]
(0.3, 0.001, 4, 1)   [0]
(0.3, 0.01, 8, 1)    [0]
(0.3, 0.01, 8, 5)    [0]
(0.1, 0.0001, 2, 5)  [0]
(0.2, 0.0001, 8, 5)  [0]
(0.3, 0.0001, 2, 5)  [0]
(0.2, 0.001, 4, 5)   [0]
(0.3, 0.01, 4, 1)    [0]
(0.2, 0.01, 4, 5)    [0]
(0.2, 0.0001, 2, 5)  [0]
(0.2, 0.0001, 2, 3)  [0]
(0.3, 0.001, 4, 3)   [0]
(0.2, 0.0001, 2, 1)  [0]
(0.2, 0.01, 2, 5)    [0]
(0.2, 0.001, 8, 1)   [0]
(0.2, 0.001, 2, 5)   [0]
(0.3, 0.0001, 4, 3)  [0]
-------------------  -------------------------------------------