-------------------  --------------------------------------------
(0.3, 0.0001, 6, 3)  [0.0004448502731975168, 0.7086164355278015]
(0.3, 0.01, 6, 3)    [0.010024617426097393, 0.7056690454483032]
(0.4, 0.01, 1, 3)    [0.009112094528973103, 0.7047143578529358]
(0.4, 0.01, 1, 5)    [0.004346324596554041, 0.7062277793884277]
(0.3, 0.001, 1, 3)   [0.0013440892798826098, 0.7097468972206116]
(0.3, 0.001, 1, 5)   [0.040717512369155884, 0.6730803847312927]
(0.3, 0.0001, 3, 5)  [0.004876591265201569, 0.7044099569320679]
(0.4, 0.01, 3, 5)    [0.03549576178193092, 0.6929710507392883]
(0.4, 0.0001, 1, 3)  [0.0019717535469681025, 0.7066422700881958]
(0.4, 0.0001, 3, 1)  [0.007918121293187141, 0.7008640170097351]
(0.4, 0.001, 3, 1)   [0.0010268467012792826, 0.7095997929573059]
(0.4, 0.01, 3, 3)    [0.011844201013445854, 0.7006244659423828]
(0.3, 0.001, 6, 5)   [0.04172525927424431, 0.6608237028121948]
(0.3, 0.01, 3, 5)    [0.035400912165641785, 0.6942070126533508]
(0.3, 0.0001, 1, 3)  [0.0025470037944614887, 0.7053359746932983]
(0.1, 0.001, 3, 5)   [0.03414938226342201, 0.689490795135498]
(0.4, 0.01, 6, 5)    [0.04311942309141159, 0.6772027015686035]
(0.3, 0.01, 3, 1)    [0.00047168313176371157, 0.7095813155174255]
(0.4, 0.001, 1, 1)   [0.0010600365931168199, 0.7093620300292969]
(0.4, 0.001, 1, 3)   [0.001055710599757731, 0.7103352546691895]
(0.1, 0.001, 1, 5)   [0]
(0.1, 0.0001, 6, 3)  [0]
(0.1, 0.0001, 3, 5)  [0]
(0.1, 0.001, 3, 3)   [0]
(0.4, 0.001, 6, 5)   [0]
(0.4, 0.001, 6, 3)   [0]
(0.1, 0.01, 3, 5)    [0]
(0.4, 0.001, 3, 5)   [0]
(0.3, 0.001, 3, 1)   [0]
(0.4, 0.0001, 3, 5)  [0]
(0.1, 0.01, 1, 5)    [0]
(0.4, 0.0001, 6, 1)  [0]
(0.1, 0.001, 1, 1)   [0]
(0.1, 0.0001, 1, 3)  [0]
(0.3, 0.01, 1, 1)    [0]
(0.1, 0.001, 1, 3)   [0]
(0.4, 0.0001, 1, 5)  [0]
(0.3, 0.0001, 3, 1)  [0]
(0.1, 0.001, 6, 1)   [0]
(0.4, 0.001, 3, 3)   [0]
(0.3, 0.0001, 1, 1)  [0]
(0.1, 0.01, 3, 3)    [0]
(0.1, 0.0001, 6, 5)  [0]
(0.1, 0.01, 1, 1)    [0]
(0.4, 0.0001, 1, 1)  [0]
(0.3, 0.01, 1, 5)    [0]
(0.3, 0.01, 6, 5)    [0]
(0.1, 0.0001, 6, 1)  [0]
(0.4, 0.001, 6, 1)   [0]
(0.3, 0.01, 3, 3)    [0]
(0.3, 0.0001, 6, 1)  [0]
(0.4, 0.01, 3, 1)    [0]
(0.1, 0.001, 3, 1)   [0]
(0.3, 0.01, 1, 3)    [0]
(0.1, 0.0001, 3, 1)  [0]
(0.4, 0.01, 1, 1)    [0]
(0.1, 0.01, 6, 5)    [0]
(0.1, 0.01, 1, 3)    [0]
(0.1, 0.001, 6, 5)   [0]
(0.1, 0.0001, 1, 5)  [0]
(0.3, 0.01, 6, 1)    [0]
(0.4, 0.0001, 3, 3)  [0]
(0.4, 0.01, 6, 3)    [0]
(0.3, 0.001, 3, 5)   [0]
(0.4, 0.0001, 6, 5)  [0]
(0.3, 0.001, 6, 1)   [0]
(0.3, 0.001, 3, 3)   [0]
(0.1, 0.0001, 1, 1)  [0]
(0.3, 0.001, 6, 3)   [0]
(0.1, 0.0001, 3, 3)  [0]
(0.1, 0.01, 6, 3)    [0]
(0.3, 0.0001, 1, 5)  [0]
(0.1, 0.01, 6, 1)    [0]
(0.1, 0.01, 3, 1)    [0]
(0.4, 0.0001, 6, 3)  [0]
(0.4, 0.01, 6, 1)    [0]
(0.1, 0.001, 6, 3)   [0]
(0.3, 0.0001, 3, 3)  [0]
(0.4, 0.001, 1, 5)   [0]
(0.3, 0.0001, 6, 5)  [0]
(0.3, 0.001, 1, 1)   [0]
-------------------  --------------------------------------------