-------------------  -------------------------------------------
(0.2, 0.01, 2, 0)    [0.0030382166150957346, 0.8690349459648132]
(0.1, 0.01, 4, 0)    [0.0026808890979737043, 0.8715808391571045]
(0.2, 0.001, 8, 0)   [0.009249945171177387, 0.8749703764915466]
(0.3, 0.0001, 4, 0)  [0.006056345067918301, 0.8241711258888245]
(0.1, 0.001, 4, 0)   [0.009586297906935215, 0.8900976777076721]
(0.3, 0.01, 8, 0)    [0.0013782153837382793, 0.8697158098220825]
(0.3, 0.01, 2, 0)    [0.0007790152449160814, 0.8686797022819519]
(0.3, 0.0001, 8, 0)  [0.0026008293498307467, 0.8243043422698975]
(0.1, 0.0001, 8, 0)  [0.002918598474934697, 0.8271018266677856]
(0.2, 0.01, 8, 0)    [0]
(0.1, 0.0001, 4, 0)  [0]
(0.3, 0.01, 4, 0)    [0]
(0.2, 0.0001, 2, 0)  [0]
(0.2, 0.001, 4, 0)   [0]
(0.2, 0.0001, 8, 0)  [0]
(0.2, 0.01, 4, 0)    [0]
(0.3, 0.001, 4, 0)   [0]
(0.2, 0.001, 2, 0)   [0]
(0.1, 0.001, 8, 0)   [0]
(0.3, 0.001, 8, 0)   [0]
(0.3, 0.0001, 2, 0)  [0]
(0.1, 0.01, 8, 0)    [0]
(0.2, 0.0001, 4, 0)  [0]
(0.1, 0.0001, 2, 0)  [0]
(0.3, 0.001, 2, 0)   [0]
(0.1, 0.001, 2, 0)   [0]
(0.1, 0.01, 2, 0)    [0]
-------------------  -------------------------------------------