-------------------  -------------------------------------------
(0.2, 0.0001, 8, 0)  [0.0019249360775575042, 0.8267465829849243]
(0.1, 0.01, 2, 0)    [0.00346443266607821, 0.8782859444618225]
(0.2, 0.001, 8, 0)   [0.00556604191660881, 0.8934724926948547]
(0.3, 0.0001, 4, 0)  [0.004105835221707821, 0.827738344669342]
(0.2, 0.001, 2, 0)   [0.007059273310005665, 0.8944345712661743]
(0.1, 0.0001, 2, 0)  [0.0018519829027354717, 0.8281675577163696]
(0.3, 0.01, 4, 0)    [0]
(0.3, 0.01, 2, 0)    [0]
(0.1, 0.001, 8, 0)   [0]
(0.1, 0.001, 4, 0)   [0]
(0.2, 0.01, 8, 0)    [0]
(0.2, 0.01, 2, 0)    [0]
(0.3, 0.001, 2, 0)   [0]
(0.2, 0.0001, 4, 0)  [0]
(0.1, 0.0001, 8, 0)  [0]
(0.1, 0.001, 2, 0)   [0]
(0.3, 0.0001, 8, 0)  [0]
(0.3, 0.0001, 2, 0)  [0]
(0.1, 0.01, 8, 0)    [0]
(0.2, 0.001, 4, 0)   [0]
(0.1, 0.01, 4, 0)    [0]
(0.3, 0.001, 8, 0)   [0]
(0.2, 0.0001, 2, 0)  [0]
(0.3, 0.001, 4, 0)   [0]
(0.2, 0.01, 4, 0)    [0]
(0.3, 0.01, 8, 0)    [0]
(0.1, 0.0001, 4, 0)  [0]
-------------------  -------------------------------------------