-------------------  -------------------------------------------
(0.3, 0.0001, 4, 3)  [0.015773838385939598, 0.8806246519088745]
(0.2, 0.01, 4, 1)    [0.02670184150338173, 0.9017022252082825]
(0.1, 0.0001, 4, 1)  [0.015543549321591854, 0.8697898387908936]
(0.3, 0.0001, 4, 1)  [0.012032954022288322, 0.8682948350906372]
(0.3, 0.001, 2, 1)   [0.00399425346404314, 0.9303286075592041]
(0.2, 0.0001, 8, 5)  [0.007988940924406052, 0.9138543605804443]
(0.3, 0.0001, 8, 1)  [0.012725369073450565, 0.864431619644165]
(0.3, 0.0001, 2, 3)  [0.01118143554776907, 0.8970840573310852]
(0.3, 0.01, 2, 5)    [0.0022419760935008526, 0.8689905405044556]
(0.3, 0.01, 8, 5)    [0.0017958328826352954, 0.8683836460113525]
(0.2, 0.01, 2, 3)    [0.002125459024682641, 0.8848875164985657]
(0.1, 0.0001, 2, 1)  [0.010244802571833134, 0.8692717552185059]
(0.3, 0.01, 8, 3)    [0.00220911530777812, 0.8852131366729736]
(0.2, 0.0001, 4, 1)  [0.014950866810977459, 0.8601243495941162]
(0.3, 0.01, 2, 3)    [0.0031436611898243427, 0.8839994072914124]
(0.1, 0.01, 2, 3)    [0]
(0.2, 0.001, 4, 1)   [0]
(0.1, 0.001, 2, 5)   [0]
(0.3, 0.001, 4, 1)   [0]
(0.2, 0.01, 2, 5)    [0]
(0.2, 0.001, 4, 5)   [0]
(0.1, 0.01, 4, 3)    [0]
(0.1, 0.01, 4, 5)    [0]
(0.1, 0.0001, 2, 5)  [0]
(0.3, 0.001, 2, 5)   [0]
(0.3, 0.01, 2, 1)    [0]
(0.3, 0.001, 4, 3)   [0]
(0.1, 0.0001, 8, 3)  [0]
(0.1, 0.01, 2, 5)    [0]
(0.3, 0.001, 2, 3)   [0]
(0.2, 0.0001, 4, 5)  [0]
(0.1, 0.01, 4, 1)    [0]
(0.3, 0.0001, 8, 3)  [0]
(0.2, 0.01, 4, 3)    [0]
(0.1, 0.001, 4, 3)   [0]
(0.2, 0.0001, 2, 3)  [0]
(0.3, 0.01, 4, 1)    [0]
(0.2, 0.0001, 2, 1)  [0]
(0.2, 0.01, 8, 1)    [0]
(0.1, 0.01, 8, 1)    [0]
(0.3, 0.001, 8, 1)   [0]
(0.3, 0.001, 8, 5)   [0]
(0.1, 0.001, 8, 5)   [0]
(0.2, 0.0001, 8, 1)  [0]
(0.1, 0.0001, 8, 1)  [0]
(0.1, 0.001, 4, 1)   [0]
(0.1, 0.001, 2, 1)   [0]
(0.1, 0.001, 8, 3)   [0]
(0.2, 0.01, 8, 5)    [0]
(0.3, 0.01, 8, 1)    [0]
(0.2, 0.0001, 8, 3)  [0]
(0.1, 0.0001, 4, 3)  [0]
(0.3, 0.001, 8, 3)   [0]
(0.1, 0.0001, 4, 5)  [0]
(0.2, 0.01, 4, 5)    [0]
(0.3, 0.0001, 4, 5)  [0]
(0.2, 0.001, 4, 3)   [0]
(0.3, 0.0001, 2, 5)  [0]
(0.2, 0.001, 8, 1)   [0]
(0.2, 0.001, 2, 3)   [0]
(0.1, 0.0001, 8, 5)  [0]
(0.2, 0.001, 2, 5)   [0]
(0.3, 0.0001, 2, 1)  [0]
(0.3, 0.0001, 8, 5)  [0]
(0.1, 0.001, 4, 5)   [0]
(0.1, 0.001, 2, 3)   [0]
(0.3, 0.001, 4, 5)   [0]
(0.2, 0.0001, 4, 3)  [0]
(0.2, 0.01, 2, 1)    [0]
(0.1, 0.001, 8, 1)   [0]
(0.1, 0.01, 2, 1)    [0]
(0.3, 0.01, 4, 3)    [0]
(0.1, 0.01, 8, 5)    [0]
(0.1, 0.01, 8, 3)    [0]
(0.2, 0.01, 8, 3)    [0]
(0.2, 0.0001, 2, 5)  [0]
(0.2, 0.001, 8, 5)   [0]
(0.2, 0.001, 2, 1)   [0]
(0.2, 0.001, 8, 3)   [0]
(0.1, 0.0001, 2, 3)  [0]
(0.3, 0.01, 4, 5)    [0]
-------------------  -------------------------------------------