-------------------  -------------------------------------------
(0.1, 0.0001, 4, 0)  [0.004414843395352364, 0.8607904314994812]
(0.1, 0.001, 4, 0)   [0.005302595905959606, 0.921403169631958]
(0.3, 0.01, 8, 0)    [0.004587330389767885, 0.8701894879341125]
(0.2, 0.001, 8, 0)   [0.0029387737158685923, 0.9173623323440552]
(0.2, 0.01, 8, 0)    [0.029603775590658188, 0.9000887870788574]
(0.2, 0.001, 2, 0)   [0.005692878272384405, 0.9171847105026245]
(0.3, 0.01, 4, 0)    [0]
(0.3, 0.001, 2, 0)   [0]
(0.2, 0.0001, 4, 0)  [0]
(0.2, 0.001, 4, 0)   [0]
(0.1, 0.001, 2, 0)   [0]
(0.1, 0.01, 2, 0)    [0]
(0.2, 0.0001, 8, 0)  [0]
(0.2, 0.0001, 2, 0)  [0]
(0.1, 0.001, 8, 0)   [0]
(0.1, 0.01, 8, 0)    [0]
(0.3, 0.001, 8, 0)   [0]
(0.2, 0.01, 4, 0)    [0]
(0.3, 0.01, 2, 0)    [0]
(0.3, 0.001, 4, 0)   [0]
(0.3, 0.0001, 4, 0)  [0]
(0.1, 0.01, 4, 0)    [0]
(0.1, 0.0001, 8, 0)  [0]
(0.2, 0.01, 2, 0)    [0]
(0.3, 0.0001, 8, 0)  [0]
(0.3, 0.0001, 2, 0)  [0]
(0.1, 0.0001, 2, 0)  [0]
-------------------  -------------------------------------------