-------------------  -------------------------------------------
(0.2, 0.01, 2, 0)    [0.018094152212142944, 0.9108940362930298]
(0.1, 0.0001, 4, 0)  [0.004012315534055233, 0.8394168019294739]
(0.2, 0.0001, 2, 0)  [0.003779713297262788, 0.8317347764968872]
(0.2, 0.001, 4, 0)   [0.003169249976053834, 0.9152160882949829]
(0.3, 0.01, 4, 0)    [0.0034254591446369886, 0.9151420593261719]
(0.3, 0.001, 8, 0)   [0]
(0.2, 0.001, 2, 0)   [0]
(0.3, 0.0001, 8, 0)  [0]
(0.1, 0.0001, 2, 0)  [0]
(0.3, 0.01, 2, 0)    [0]
(0.2, 0.0001, 8, 0)  [0]
(0.3, 0.001, 2, 0)   [0]
(0.1, 0.001, 8, 0)   [0]
(0.3, 0.001, 4, 0)   [0]
(0.3, 0.01, 8, 0)    [0]
(0.1, 0.01, 8, 0)    [0]
(0.3, 0.0001, 4, 0)  [0]
(0.2, 0.01, 4, 0)    [0]
(0.1, 0.001, 2, 0)   [0]
(0.1, 0.0001, 8, 0)  [0]
(0.3, 0.0001, 2, 0)  [0]
(0.1, 0.01, 2, 0)    [0]
(0.2, 0.001, 8, 0)   [0]
(0.2, 0.0001, 4, 0)  [0]
(0.1, 0.001, 4, 0)   [0]
(0.1, 0.01, 4, 0)    [0]
(0.2, 0.01, 8, 0)    [0]
-------------------  -------------------------------------------