-------------------  -------------------------------------------
(0.1, 0.001, 2, 3)   [0.008114018477499485, 0.9714475870132446]
(0.1, 0.001, 8, 3)   [0.006292144767940044, 0.9703670740127563]
(0.3, 0.0001, 4, 5)  [0.0014881087699905038, 0.8926435708999634]
(0.2, 0.0001, 2, 3)  [0.005122906528413296, 0.8707075119018555]
(0.3, 0.01, 4, 5)    [0.0015385872684419155, 0.9098727107048035]
(0.2, 0.01, 4, 1)    [0.02585815079510212, 0.943753719329834]
(0.1, 0.01, 4, 5)    [0]
(0.1, 0.01, 8, 3)    [0]
(0.2, 0.0001, 8, 1)  [0]
(0.3, 0.001, 8, 3)   [0]
(0.3, 0.0001, 2, 3)  [0]
(0.1, 0.01, 4, 1)    [0]
(0.2, 0.0001, 8, 5)  [0]
(0.3, 0.01, 2, 3)    [0]
(0.2, 0.01, 4, 3)    [0]
(0.1, 0.0001, 4, 3)  [0]
(0.3, 0.0001, 8, 5)  [0]
(0.3, 0.001, 4, 3)   [0]
(0.3, 0.0001, 8, 1)  [0]
(0.3, 0.001, 8, 5)   [0]
(0.3, 0.01, 2, 1)    [0]
(0.1, 0.001, 4, 1)   [0]
(0.2, 0.001, 2, 1)   [0]
(0.3, 0.01, 8, 1)    [0]
(0.3, 0.0001, 2, 5)  [0]
(0.2, 0.001, 4, 5)   [0]
(0.1, 0.0001, 2, 1)  [0]
(0.2, 0.001, 2, 3)   [0]
(0.3, 0.001, 2, 3)   [0]
(0.1, 0.01, 2, 3)    [0]
(0.2, 0.001, 4, 1)   [0]
(0.1, 0.001, 2, 1)   [0]
(0.2, 0.001, 8, 5)   [0]
(0.1, 0.01, 8, 5)    [0]
(0.2, 0.0001, 2, 5)  [0]
(0.3, 0.001, 4, 5)   [0]
(0.2, 0.01, 8, 3)    [0]
(0.2, 0.01, 4, 5)    [0]
(0.2, 0.0001, 4, 1)  [0]
(0.1, 0.001, 8, 1)   [0]
(0.2, 0.0001, 4, 3)  [0]
(0.3, 0.01, 8, 3)    [0]
(0.2, 0.01, 2, 3)    [0]
(0.2, 0.01, 2, 1)    [0]
(0.3, 0.01, 8, 5)    [0]
(0.3, 0.01, 4, 1)    [0]
(0.2, 0.01, 8, 5)    [0]
(0.3, 0.0001, 4, 3)  [0]
(0.2, 0.01, 2, 5)    [0]
(0.2, 0.001, 8, 1)   [0]
(0.1, 0.001, 4, 5)   [0]
(0.1, 0.001, 2, 5)   [0]
(0.2, 0.0001, 2, 1)  [0]
(0.1, 0.0001, 2, 3)  [0]
(0.3, 0.0001, 8, 3)  [0]
(0.2, 0.001, 8, 3)   [0]
(0.1, 0.0001, 8, 1)  [0]
(0.1, 0.0001, 8, 3)  [0]
(0.2, 0.0001, 8, 3)  [0]
(0.3, 0.001, 4, 1)   [0]
(0.1, 0.0001, 4, 1)  [0]
(0.3, 0.001, 8, 1)   [0]
(0.1, 0.0001, 2, 5)  [0]
(0.1, 0.01, 2, 1)    [0]
(0.1, 0.0001, 8, 5)  [0]
(0.3, 0.01, 2, 5)    [0]
(0.2, 0.001, 4, 3)   [0]
(0.3, 0.0001, 4, 1)  [0]
(0.1, 0.01, 4, 3)    [0]
(0.1, 0.0001, 4, 5)  [0]
(0.2, 0.0001, 4, 5)  [0]
(0.1, 0.01, 2, 5)    [0]
(0.3, 0.001, 2, 5)   [0]
(0.1, 0.01, 8, 1)    [0]
(0.1, 0.001, 4, 3)   [0]
(0.2, 0.01, 8, 1)    [0]
(0.2, 0.001, 2, 5)   [0]
(0.1, 0.001, 8, 5)   [0]
(0.3, 0.001, 2, 1)   [0]
(0.3, 0.0001, 2, 1)  [0]
(0.3, 0.01, 4, 3)    [0]
-------------------  -------------------------------------------