-------------------  -------------------------------------------
(0.2, 0.0001, 8, 0)  [0.003035975620150566, 0.8403197526931763]
(0.1, 0.01, 8, 0)    [0.0036773900501430035, 0.8768501877784729]
(0.2, 0.001, 2, 0)   [0.0019514779560267925, 0.9238898754119873]
(0.2, 0.01, 8, 0)    [0]
(0.1, 0.001, 8, 0)   [0]
(0.2, 0.0001, 4, 0)  [0]
(0.3, 0.0001, 8, 0)  [0]
(0.2, 0.0001, 2, 0)  [0]
(0.3, 0.001, 8, 0)   [0]
(0.2, 0.001, 8, 0)   [0]
(0.1, 0.001, 4, 0)   [0]
(0.1, 0.0001, 2, 0)  [0]
(0.2, 0.01, 2, 0)    [0]
(0.1, 0.01, 4, 0)    [0]
(0.1, 0.001, 2, 0)   [0]
(0.3, 0.01, 2, 0)    [0]
(0.3, 0.001, 2, 0)   [0]
(0.2, 0.01, 4, 0)    [0]
(0.3, 0.01, 8, 0)    [0]
(0.3, 0.0001, 4, 0)  [0]
(0.3, 0.001, 4, 0)   [0]
(0.1, 0.01, 2, 0)    [0]
(0.1, 0.0001, 8, 0)  [0]
(0.1, 0.0001, 4, 0)  [0]
(0.3, 0.01, 4, 0)    [0]
(0.2, 0.001, 4, 0)   [0]
(0.3, 0.0001, 2, 0)  [0]
-------------------  -------------------------------------------