-------------------  -------------------------------------------
(0.1, 0.01, 2, 0)    [0.026837637647986412, 0.8971876502037048]
(0.2, 0.01, 8, 0)    [0.02063380926847458, 0.9028863310813904]
(0.1, 0.0001, 4, 0)  [0.0016887813108041883, 0.8338366150856018]
(0.2, 0.0001, 2, 0)  [0.003254108829423785, 0.8313795328140259]
(0.2, 0.001, 8, 0)   [0.005021125543862581, 0.9102279543876648]
(0.1, 0.01, 4, 0)    [0.006987924687564373, 0.9166222810745239]
(0.3, 0.001, 2, 0)   [0.004507646895945072, 0.9054766297340393]
(0.2, 0.0001, 4, 0)  [0.0021351075265556574, 0.8324156403541565]
(0.3, 0.0001, 2, 0)  [0.004843732342123985, 0.8295589089393616]
(0.1, 0.0001, 8, 0)  [0.002844948321580887, 0.8341326117515564]
(0.2, 0.01, 4, 0)    [0.007080927025526762, 0.9105091691017151]
(0.1, 0.001, 8, 0)   [0.001207729335874319, 0.9123445749282837]
(0.3, 0.0001, 8, 0)  [0.0034639525692909956, 0.8305802345275879]
(0.1, 0.0001, 2, 0)  [0.006184366997331381, 0.8375962376594543]
(0.3, 0.01, 8, 0)    [0]
(0.3, 0.01, 4, 0)    [0]
(0.3, 0.0001, 4, 0)  [0]
(0.3, 0.001, 8, 0)   [0]
(0.2, 0.0001, 8, 0)  [0]
(0.2, 0.001, 4, 0)   [0]
(0.3, 0.01, 2, 0)    [0]
(0.1, 0.001, 2, 0)   [0]
(0.1, 0.001, 4, 0)   [0]
(0.3, 0.001, 4, 0)   [0]
(0.2, 0.001, 2, 0)   [0]
(0.2, 0.01, 2, 0)    [0]
(0.1, 0.01, 8, 0)    [0]
-------------------  -------------------------------------------