-------------------  --------------------------------------------
(0.3, 0.01, 3, 3)    [0.00054652348626405, 0.7090392112731934]
(0.3, 0.01, 3, 5)    [0.00957018043845892, 0.7049983143806458]
(0.4, 0.0001, 3, 3)  [0.0008814407046884298, 0.7090604901313782]
(0.1, 0.0001, 3, 1)  [0.00438316073268652, 0.7056588530540466]
(0.4, 0.001, 6, 3)   [0.005289597902446985, 0.7080539464950562]
(0.3, 0.0001, 6, 5)  [0.00761623727157712, 0.7045681476593018]
(0.4, 0.0001, 1, 1)  [0.004032060969620943, 0.7049113512039185]
(0.4, 0.01, 1, 3)    [0.0005264697829261422, 0.7106238603591919]
(0.4, 0.01, 6, 3)    [0.011782865971326828, 0.7022942304611206]
(0.1, 0.001, 1, 5)   [0.00887817982584238, 0.6999232172966003]
(0.1, 0.01, 3, 3)    [0.00208299420773983, 0.7042656540870667]
(0.4, 0.0001, 1, 3)  [0.0016270086634904146, 0.7092214226722717]
(0.3, 0.001, 3, 1)   [0.003313649445772171, 0.7072685360908508]
(0.1, 0.0001, 3, 5)  [0.007240860257297754, 0.705781877040863]
(0.3, 0.0001, 1, 3)  [0.000612069561611861, 0.709810733795166]
(0.1, 0.0001, 1, 1)  [0.0007701879949308932, 0.7082546949386597]
(0.4, 0.001, 3, 1)   [0.0004127752035856247, 0.7098560929298401]
(0.4, 0.0001, 1, 5)  [0.0016235087532550097, 0.7084702253341675]
(0.4, 0.0001, 6, 3)  [0.00038115348434075713, 0.7095766663551331]
(0.3, 0.0001, 3, 5)  [0.0006933606928214431, 0.7096617817878723]
(0.4, 0.01, 3, 3)    [0.00095500418683514, 0.7114953398704529]
(0.1, 0.0001, 1, 5)  [0]
(0.4, 0.001, 1, 3)   [0]
(0.1, 0.001, 6, 5)   [0]
(0.3, 0.001, 3, 3)   [0]
(0.3, 0.001, 6, 3)   [0]
(0.4, 0.01, 1, 1)    [0]
(0.3, 0.0001, 3, 1)  [0]
(0.3, 0.01, 6, 5)    [0]
(0.4, 0.001, 3, 3)   [0]
(0.3, 0.0001, 1, 5)  [0]
(0.3, 0.001, 1, 1)   [0]
(0.1, 0.01, 6, 5)    [0]
(0.4, 0.0001, 3, 1)  [0]
(0.3, 0.001, 3, 5)   [0]
(0.3, 0.01, 1, 3)    [0]
(0.1, 0.0001, 6, 3)  [0]
(0.4, 0.01, 3, 5)    [0]
(0.1, 0.01, 3, 5)    [0]
(0.1, 0.001, 6, 1)   [0]
(0.3, 0.01, 3, 1)    [0]
(0.1, 0.001, 3, 1)   [0]
(0.3, 0.01, 6, 3)    [0]
(0.4, 0.0001, 6, 1)  [0]
(0.3, 0.0001, 1, 1)  [0]
(0.1, 0.01, 3, 1)    [0]
(0.3, 0.001, 6, 1)   [0]
(0.1, 0.01, 1, 1)    [0]
(0.1, 0.001, 3, 3)   [0]
(0.3, 0.01, 1, 1)    [0]
(0.4, 0.001, 3, 5)   [0]
(0.1, 0.01, 1, 5)    [0]
(0.4, 0.01, 6, 1)    [0]
(0.3, 0.0001, 6, 1)  [0]
(0.4, 0.001, 6, 1)   [0]
(0.1, 0.0001, 1, 3)  [0]
(0.1, 0.001, 3, 5)   [0]
(0.3, 0.0001, 3, 3)  [0]
(0.1, 0.01, 6, 3)    [0]
(0.4, 0.0001, 6, 5)  [0]
(0.1, 0.0001, 6, 5)  [0]
(0.3, 0.001, 1, 5)   [0]
(0.4, 0.001, 6, 5)   [0]
(0.1, 0.001, 1, 3)   [0]
(0.1, 0.001, 6, 3)   [0]
(0.4, 0.001, 1, 1)   [0]
(0.3, 0.0001, 6, 3)  [0]
(0.4, 0.001, 1, 5)   [0]
(0.3, 0.01, 1, 5)    [0]
(0.4, 0.0001, 3, 5)  [0]
(0.3, 0.001, 1, 3)   [0]
(0.4, 0.01, 3, 1)    [0]
(0.1, 0.0001, 3, 3)  [0]
(0.3, 0.01, 6, 1)    [0]
(0.4, 0.01, 6, 5)    [0]
(0.3, 0.001, 6, 5)   [0]
(0.1, 0.001, 1, 1)   [0]
(0.1, 0.01, 1, 3)    [0]
(0.1, 0.01, 6, 1)    [0]
(0.4, 0.01, 1, 5)    [0]
(0.1, 0.0001, 6, 1)  [0]
-------------------  --------------------------------------------