-------------------  -------------------------------------------
(0.4, 0.01, 1, 0)    [0.0011512499768286943, 0.6882780194282532]
(0.4, 0.01, 6, 0)    [0.0005674845306202769, 0.689087450504303]
(0.1, 0.01, 1, 0)    [0.007019108161330223, 0.70195472240448]
(0.1, 0.01, 3, 0)    [0.0067480928264558315, 0.7019843459129333]
(0.3, 0.01, 6, 0)    [0.0068755908869206905, 0.6946538090705872]
(0.3, 0.001, 3, 0)   [0.004891010466963053, 0.6867654323577881]
(0.4, 0.001, 1, 0)   [0.006613248493522406, 0.6847089529037476]
(0.4, 0.01, 3, 0)    [0.001565876416862011, 0.6896323561668396]
(0.4, 0.001, 3, 0)   [0.009416340850293636, 0.6813110709190369]
(0.1, 0.0001, 3, 0)  [0.019240466877818108, 0.654915988445282]
(0.3, 0.01, 3, 0)    [0.0018002779688686132, 0.6897674202919006]
(0.3, 0.0001, 1, 0)  [0.013394909910857677, 0.6395546793937683]
(0.3, 0.01, 1, 0)    [0.0003727884904947132, 0.6890439987182617]
(0.1, 0.001, 3, 0)   [0.0028848149813711643, 0.6905519366264343]
(0.3, 0.0001, 3, 0)  [0.010133103467524052, 0.6465983986854553]
(0.4, 0.0001, 6, 0)  [0.010641522705554962, 0.6366146802902222]
(0.1, 0.01, 6, 0)    [0.006650928873568773, 0.6991692781448364]
(0.1, 0.0001, 1, 0)  [0.002027783775702119, 0.6526615023612976]
(0.1, 0.001, 6, 0)   [0.003227587789297104, 0.6889005899429321]
(0.4, 0.0001, 3, 0)  [0]
(0.3, 0.0001, 6, 0)  [0]
(0.3, 0.001, 1, 0)   [0]
(0.1, 0.0001, 6, 0)  [0]
(0.1, 0.001, 1, 0)   [0]
(0.4, 0.0001, 1, 0)  [0]
(0.3, 0.001, 6, 0)   [0]
(0.4, 0.001, 6, 0)   [0]
-------------------  -------------------------------------------