-------------------  -------------------------------------------
(0.3, 0.01, 8, 1)    [0.025311514735221863, 0.9224244952201843]
(0.2, 0.001, 8, 3)   [0.0035790340043604374, 0.9502812027931213]
(0.3, 0.001, 2, 5)   [0.001042689778842032, 0.9504144191741943]
(0.2, 0.0001, 8, 5)  [0.0039410945028066635, 0.9178063869476318]
(0.3, 0.0001, 8, 5)  [0.005551856942474842, 0.9143723845481873]
(0.2, 0.001, 4, 3)   [0.00361484382301569, 0.9435908794403076]
(0.3, 0.0001, 2, 3)  [0.007937277667224407, 0.8985494375228882]
(0.2, 0.01, 8, 3)    [0]
(0.3, 0.0001, 4, 3)  [0]
(0.2, 0.01, 4, 1)    [0]
(0.1, 0.0001, 2, 3)  [0]
(0.2, 0.01, 8, 1)    [0]
(0.1, 0.01, 4, 1)    [0]
(0.3, 0.0001, 2, 1)  [0]
(0.3, 0.001, 8, 3)   [0]
(0.1, 0.01, 2, 1)    [0]
(0.3, 0.0001, 2, 5)  [0]
(0.3, 0.001, 4, 1)   [0]
(0.3, 0.001, 2, 1)   [0]
(0.3, 0.0001, 8, 1)  [0]
(0.2, 0.0001, 2, 5)  [0]
(0.1, 0.001, 4, 5)   [0]
(0.2, 0.001, 4, 1)   [0]
(0.1, 0.001, 4, 1)   [0]
(0.2, 0.0001, 4, 1)  [0]
(0.2, 0.0001, 8, 3)  [0]
(0.1, 0.01, 2, 3)    [0]
(0.2, 0.01, 2, 3)    [0]
(0.1, 0.01, 4, 5)    [0]
(0.2, 0.001, 2, 3)   [0]
(0.3, 0.01, 8, 5)    [0]
(0.3, 0.001, 8, 1)   [0]
(0.2, 0.01, 8, 5)    [0]
(0.1, 0.001, 8, 1)   [0]
(0.2, 0.001, 2, 1)   [0]
(0.2, 0.001, 4, 5)   [0]
(0.1, 0.01, 8, 1)    [0]
(0.1, 0.001, 8, 3)   [0]
(0.1, 0.001, 2, 5)   [0]
(0.1, 0.0001, 8, 1)  [0]
(0.2, 0.0001, 4, 3)  [0]
(0.2, 0.0001, 4, 5)  [0]
(0.2, 0.01, 4, 3)    [0]
(0.3, 0.01, 4, 1)    [0]
(0.1, 0.001, 2, 1)   [0]
(0.1, 0.0001, 2, 1)  [0]
(0.2, 0.0001, 2, 1)  [0]
(0.1, 0.0001, 4, 5)  [0]
(0.1, 0.01, 8, 5)    [0]
(0.2, 0.01, 4, 5)    [0]
(0.3, 0.0001, 4, 5)  [0]
(0.3, 0.001, 2, 3)   [0]
(0.3, 0.001, 8, 5)   [0]
(0.3, 0.01, 8, 3)    [0]
(0.3, 0.01, 2, 3)    [0]
(0.3, 0.01, 4, 3)    [0]
(0.1, 0.01, 2, 5)    [0]
(0.2, 0.01, 2, 5)    [0]
(0.1, 0.001, 4, 3)   [0]
(0.3, 0.001, 4, 3)   [0]
(0.2, 0.0001, 8, 1)  [0]
(0.1, 0.0001, 4, 1)  [0]
(0.1, 0.001, 2, 3)   [0]
(0.1, 0.0001, 4, 3)  [0]
(0.1, 0.01, 4, 3)    [0]
(0.1, 0.0001, 8, 5)  [0]
(0.3, 0.0001, 8, 3)  [0]
(0.1, 0.01, 8, 3)    [0]
(0.3, 0.0001, 4, 1)  [0]
(0.3, 0.001, 4, 5)   [0]
(0.2, 0.001, 8, 1)   [0]
(0.2, 0.0001, 2, 3)  [0]
(0.3, 0.01, 2, 5)    [0]
(0.2, 0.01, 2, 1)    [0]
(0.1, 0.001, 8, 5)   [0]
(0.1, 0.0001, 2, 5)  [0]
(0.3, 0.01, 4, 5)    [0]
(0.2, 0.001, 2, 5)   [0]
(0.1, 0.0001, 8, 3)  [0]
(0.2, 0.001, 8, 5)   [0]
(0.3, 0.01, 2, 1)    [0]
-------------------  -------------------------------------------