-------------------  -------------------------------------------
(0.2, 0.001, 4, 0)   [0.0036271605640649796, 0.9140763878822327]
(0.1, 0.001, 2, 0)   [0.005575960967689753, 0.9176287651062012]
(0.2, 0.0001, 8, 0)  [0.0066472552716732025, 0.8458259105682373]
(0.2, 0.001, 2, 0)   [0.001766459085047245, 0.9159858226776123]
(0.3, 0.01, 2, 0)    [0.024478886276483536, 0.8927027583122253]
(0.1, 0.01, 2, 0)    [0.027273904532194138, 0.9090881943702698]
(0.1, 0.01, 4, 0)    [0.023766519501805305, 0.9070456027984619]
(0.3, 0.0001, 4, 0)  [0.010700095444917679, 0.848608672618866]
(0.1, 0.0001, 2, 0)  [0.0134781114757061, 0.8591178059577942]
(0.3, 0.01, 8, 0)    [0.021531525999307632, 0.8755032420158386]
(0.2, 0.001, 8, 0)   [0.0019528906559571624, 0.9122557640075684]
(0.3, 0.001, 8, 0)   [0.004670444875955582, 0.9125221967697144]
(0.1, 0.0001, 8, 0)  [0.009070370346307755, 0.8591474294662476]
(0.2, 0.01, 2, 0)    [0]
(0.3, 0.0001, 8, 0)  [0]
(0.1, 0.001, 8, 0)   [0]
(0.2, 0.0001, 2, 0)  [0]
(0.1, 0.001, 4, 0)   [0]
(0.1, 0.0001, 4, 0)  [0]
(0.2, 0.01, 8, 0)    [0]
(0.3, 0.001, 2, 0)   [0]
(0.2, 0.0001, 4, 0)  [0]
(0.3, 0.001, 4, 0)   [0]
(0.2, 0.01, 4, 0)    [0]
(0.3, 0.01, 4, 0)    [0]
(0.3, 0.0001, 2, 0)  [0]
(0.1, 0.01, 8, 0)    [0]
-------------------  -------------------------------------------