-------------------  -------------------------------------------
(0.2, 0.0001, 2, 1)  [0.004985444247722626, 0.8404677510261536]
(0.2, 0.001, 2, 5)   [0.05423017218708992, 0.9267317652702332]
(0.1, 0.001, 2, 1)   [0.0034968506079167128, 0.9293960928916931]
(0.3, 0.01, 4, 5)    [0.004498588386923075, 0.864683210849762]
(0.3, 0.0001, 8, 5)  [0.006382659077644348, 0.8666666746139526]
(0.2, 0.0001, 4, 1)  [0.00321591692045331, 0.839165210723877]
(0.3, 0.001, 4, 3)   [0.0021775250788778067, 0.9395204186439514]
(0.2, 0.0001, 4, 5)  [0.0026356575544923544, 0.8713291883468628]
(0.1, 0.01, 4, 5)    [0.0034345665480941534, 0.8662818670272827]
(0.2, 0.0001, 8, 3)  [0.004054820630699396, 0.8586885929107666]
(0.2, 0.001, 4, 3)   [0.003587448038160801, 0.9418442845344543]
(0.3, 0.0001, 4, 3)  [0.0036969201173633337, 0.8583777546882629]
(0.3, 0.0001, 2, 5)  [0.004902899265289307, 0.8668146729469299]
(0.3, 0.0001, 8, 1)  [0.002175004919990897, 0.8396092057228088]
(0.2, 0.01, 2, 3)    [0.0036432002671062946, 0.8839846253395081]
(0.1, 0.0001, 2, 1)  [0.004629049450159073, 0.8434576392173767]
(0.3, 0.01, 4, 1)    [0]
(0.2, 0.001, 4, 1)   [0]
(0.2, 0.0001, 2, 3)  [0]
(0.3, 0.01, 8, 3)    [0]
(0.2, 0.001, 8, 3)   [0]
(0.2, 0.0001, 8, 1)  [0]
(0.3, 0.0001, 2, 3)  [0]
(0.3, 0.001, 8, 5)   [0]
(0.1, 0.01, 2, 1)    [0]
(0.2, 0.01, 2, 1)    [0]
(0.1, 0.001, 8, 3)   [0]
(0.2, 0.0001, 2, 5)  [0]
(0.2, 0.001, 8, 1)   [0]
(0.1, 0.001, 8, 1)   [0]
(0.1, 0.0001, 2, 3)  [0]
(0.3, 0.01, 8, 5)    [0]
(0.1, 0.01, 2, 5)    [0]
(0.3, 0.0001, 4, 5)  [0]
(0.3, 0.001, 2, 3)   [0]
(0.2, 0.001, 8, 5)   [0]
(0.2, 0.01, 4, 1)    [0]
(0.2, 0.01, 4, 5)    [0]
(0.1, 0.0001, 8, 3)  [0]
(0.3, 0.01, 2, 3)    [0]
(0.3, 0.0001, 4, 1)  [0]
(0.1, 0.0001, 8, 5)  [0]
(0.2, 0.001, 2, 3)   [0]
(0.1, 0.001, 4, 3)   [0]
(0.3, 0.01, 4, 3)    [0]
(0.1, 0.0001, 4, 3)  [0]
(0.1, 0.0001, 4, 1)  [0]
(0.2, 0.0001, 8, 5)  [0]
(0.2, 0.001, 2, 1)   [0]
(0.2, 0.01, 2, 5)    [0]
(0.3, 0.01, 2, 5)    [0]
(0.2, 0.01, 8, 1)    [0]
(0.1, 0.01, 8, 1)    [0]
(0.3, 0.01, 2, 1)    [0]
(0.3, 0.001, 4, 1)   [0]
(0.1, 0.0001, 8, 1)  [0]
(0.1, 0.01, 4, 3)    [0]
(0.1, 0.001, 2, 5)   [0]
(0.2, 0.01, 4, 3)    [0]
(0.1, 0.001, 8, 5)   [0]
(0.2, 0.01, 8, 3)    [0]
(0.2, 0.001, 4, 5)   [0]
(0.1, 0.001, 4, 5)   [0]
(0.1, 0.01, 8, 5)    [0]
(0.3, 0.001, 2, 1)   [0]
(0.3, 0.001, 8, 3)   [0]
(0.3, 0.001, 4, 5)   [0]
(0.1, 0.001, 4, 1)   [0]
(0.3, 0.001, 2, 5)   [0]
(0.1, 0.01, 2, 3)    [0]
(0.3, 0.0001, 2, 1)  [0]
(0.3, 0.01, 8, 1)    [0]
(0.2, 0.01, 8, 5)    [0]
(0.3, 0.001, 8, 1)   [0]
(0.1, 0.0001, 2, 5)  [0]
(0.1, 0.0001, 4, 5)  [0]
(0.1, 0.01, 4, 1)    [0]
(0.1, 0.01, 8, 3)    [0]
(0.2, 0.0001, 4, 3)  [0]
(0.3, 0.0001, 8, 3)  [0]
(0.1, 0.001, 2, 3)   [0]
-------------------  -------------------------------------------