-------------------  -------------------------------------------
(0.1, 0.01, 4, 5)    [0.0014067466836422682, 0.9109236598014832]
(0.2, 0.001, 2, 5)   [0.08550497889518738, 0.9203966856002808]
(0.3, 0.001, 8, 5)   [0.07080850005149841, 0.9511545300483704]
(0.2, 0.001, 8, 1)   [0]
(0.3, 0.01, 8, 1)    [0]
(0.1, 0.001, 8, 3)   [0]
(0.1, 0.0001, 8, 3)  [0]
(0.2, 0.01, 4, 3)    [0]
(0.2, 0.01, 8, 5)    [0]
(0.2, 0.001, 4, 1)   [0]
(0.3, 0.0001, 4, 5)  [0]
(0.1, 0.001, 2, 1)   [0]
(0.1, 0.01, 2, 1)    [0]
(0.1, 0.0001, 2, 5)  [0]
(0.3, 0.001, 8, 1)   [0]
(0.1, 0.001, 4, 5)   [0]
(0.1, 0.01, 8, 3)    [0]
(0.3, 0.0001, 4, 1)  [0]
(0.2, 0.0001, 2, 1)  [0]
(0.2, 0.0001, 8, 1)  [0]
(0.3, 0.01, 8, 3)    [0]
(0.1, 0.0001, 4, 1)  [0]
(0.2, 0.001, 4, 3)   [0]
(0.1, 0.01, 8, 5)    [0]
(0.3, 0.0001, 2, 5)  [0]
(0.2, 0.01, 2, 1)    [0]
(0.3, 0.001, 4, 3)   [0]
(0.3, 0.0001, 2, 1)  [0]
(0.2, 0.0001, 2, 5)  [0]
(0.1, 0.01, 8, 1)    [0]
(0.2, 0.0001, 2, 3)  [0]
(0.1, 0.0001, 4, 3)  [0]
(0.3, 0.01, 2, 1)    [0]
(0.3, 0.0001, 8, 5)  [0]
(0.2, 0.0001, 4, 3)  [0]
(0.2, 0.0001, 4, 5)  [0]
(0.1, 0.0001, 8, 1)  [0]
(0.1, 0.0001, 2, 3)  [0]
(0.1, 0.001, 4, 1)   [0]
(0.3, 0.0001, 2, 3)  [0]
(0.1, 0.001, 4, 3)   [0]
(0.1, 0.0001, 2, 1)  [0]
(0.2, 0.001, 2, 1)   [0]
(0.1, 0.0001, 8, 5)  [0]
(0.1, 0.001, 2, 3)   [0]
(0.3, 0.01, 8, 5)    [0]
(0.1, 0.01, 2, 3)    [0]
(0.3, 0.01, 4, 3)    [0]
(0.2, 0.01, 8, 1)    [0]
(0.2, 0.0001, 4, 1)  [0]
(0.1, 0.001, 8, 1)   [0]
(0.2, 0.0001, 8, 5)  [0]
(0.2, 0.01, 2, 3)    [0]
(0.3, 0.001, 4, 1)   [0]
(0.3, 0.0001, 8, 3)  [0]
(0.2, 0.01, 2, 5)    [0]
(0.2, 0.0001, 8, 3)  [0]
(0.3, 0.001, 8, 3)   [0]
(0.1, 0.001, 2, 5)   [0]
(0.2, 0.001, 8, 3)   [0]
(0.3, 0.01, 2, 3)    [0]
(0.3, 0.001, 2, 1)   [0]
(0.3, 0.001, 2, 5)   [0]
(0.1, 0.01, 4, 1)    [0]
(0.1, 0.001, 8, 5)   [0]
(0.3, 0.0001, 4, 3)  [0]
(0.1, 0.01, 4, 3)    [0]
(0.2, 0.001, 8, 5)   [0]
(0.1, 0.0001, 4, 5)  [0]
(0.3, 0.0001, 8, 1)  [0]
(0.2, 0.01, 4, 5)    [0]
(0.3, 0.001, 2, 3)   [0]
(0.3, 0.01, 2, 5)    [0]
(0.1, 0.01, 2, 5)    [0]
(0.3, 0.001, 4, 5)   [0]
(0.3, 0.01, 4, 1)    [0]
(0.3, 0.01, 4, 5)    [0]
(0.2, 0.01, 4, 1)    [0]
(0.2, 0.001, 4, 5)   [0]
(0.2, 0.01, 8, 3)    [0]
(0.2, 0.001, 2, 3)   [0]
-------------------  -------------------------------------------