-------------------  ------------------------------------------
(0.1, 0.001, 4, 0)   [0.002372890245169401, 0.9228833913803101]
(0.3, 0.01, 2, 0)    [0.00295320269651711, 0.8680728077888489]
(0.1, 0.0001, 8, 0)  [0.006773552391678095, 0.8839402198791504]
(0.2, 0.01, 4, 0)    [0]
(0.1, 0.0001, 4, 0)  [0]
(0.3, 0.01, 8, 0)    [0]
(0.2, 0.01, 2, 0)    [0]
(0.2, 0.001, 8, 0)   [0]
(0.2, 0.01, 8, 0)    [0]
(0.3, 0.001, 8, 0)   [0]
(0.2, 0.0001, 2, 0)  [0]
(0.3, 0.0001, 4, 0)  [0]
(0.2, 0.001, 2, 0)   [0]
(0.3, 0.0001, 8, 0)  [0]
(0.2, 0.001, 4, 0)   [0]
(0.1, 0.01, 4, 0)    [0]
(0.3, 0.01, 4, 0)    [0]
(0.1, 0.0001, 2, 0)  [0]
(0.2, 0.0001, 8, 0)  [0]
(0.3, 0.001, 2, 0)   [0]
(0.3, 0.001, 4, 0)   [0]
(0.2, 0.0001, 4, 0)  [0]
(0.3, 0.0001, 2, 0)  [0]
(0.1, 0.001, 2, 0)   [0]
(0.1, 0.01, 2, 0)    [0]
(0.1, 0.001, 8, 0)   [0]
(0.1, 0.01, 8, 0)    [0]
-------------------  ------------------------------------------