-------------------  -------------------------------------------
(0.3, 0.01, 4, 3)    [0.0015387802850455046, 0.9078893065452576]
(0.1, 0.001, 4, 5)   [0.0854758620262146, 0.8844138383865356]
(0.3, 0.001, 8, 1)   [0.0017718869494274259, 0.9518353939056396]
(0.1, 0.0001, 8, 1)  [0.004425487481057644, 0.8620633482933044]
(0.3, 0.001, 2, 3)   [0.010160328820347786, 0.9625518321990967]
(0.2, 0.001, 4, 3)   [0.00551185104995966, 0.9724540710449219]
(0.1, 0.0001, 8, 5)  [0.02097879908978939, 0.923875093460083]
(0.1, 0.01, 2, 1)    [0.03156423196196556, 0.9266430139541626]
(0.2, 0.0001, 4, 3)  [0.01102183572947979, 0.8976909518241882]
(0.2, 0.01, 8, 3)    [0.0010273476364091039, 0.9088810086250305]
(0.1, 0.01, 4, 5)    [0]
(0.2, 0.0001, 2, 5)  [0]
(0.2, 0.001, 4, 5)   [0]
(0.1, 0.01, 2, 5)    [0]
(0.3, 0.01, 8, 3)    [0]
(0.1, 0.01, 4, 3)    [0]
(0.2, 0.001, 8, 5)   [0]
(0.1, 0.001, 8, 3)   [0]
(0.3, 0.001, 8, 3)   [0]
(0.3, 0.001, 4, 3)   [0]
(0.3, 0.01, 2, 3)    [0]
(0.2, 0.0001, 8, 1)  [0]
(0.3, 0.001, 2, 1)   [0]
(0.2, 0.001, 4, 1)   [0]
(0.1, 0.001, 2, 3)   [0]
(0.1, 0.01, 4, 1)    [0]
(0.1, 0.001, 2, 5)   [0]
(0.2, 0.0001, 4, 5)  [0]
(0.2, 0.0001, 8, 5)  [0]
(0.1, 0.01, 8, 3)    [0]
(0.2, 0.001, 2, 3)   [0]
(0.3, 0.0001, 4, 1)  [0]
(0.2, 0.0001, 8, 3)  [0]
(0.3, 0.0001, 8, 1)  [0]
(0.1, 0.001, 8, 1)   [0]
(0.3, 0.001, 4, 5)   [0]
(0.1, 0.0001, 4, 3)  [0]
(0.1, 0.0001, 2, 3)  [0]
(0.2, 0.01, 4, 5)    [0]
(0.2, 0.01, 8, 5)    [0]
(0.2, 0.01, 2, 5)    [0]
(0.3, 0.01, 2, 1)    [0]
(0.1, 0.0001, 4, 5)  [0]
(0.3, 0.0001, 2, 1)  [0]
(0.3, 0.0001, 2, 5)  [0]
(0.2, 0.001, 2, 5)   [0]
(0.3, 0.0001, 8, 5)  [0]
(0.2, 0.01, 4, 3)    [0]
(0.1, 0.001, 2, 1)   [0]
(0.1, 0.001, 4, 3)   [0]
(0.3, 0.01, 2, 5)    [0]
(0.3, 0.01, 4, 1)    [0]
(0.1, 0.0001, 2, 5)  [0]
(0.2, 0.01, 2, 1)    [0]
(0.1, 0.01, 8, 1)    [0]
(0.2, 0.0001, 2, 3)  [0]
(0.2, 0.01, 4, 1)    [0]
(0.3, 0.01, 8, 1)    [0]
(0.1, 0.001, 4, 1)   [0]
(0.1, 0.001, 8, 5)   [0]
(0.1, 0.0001, 4, 1)  [0]
(0.1, 0.0001, 8, 3)  [0]
(0.2, 0.001, 8, 1)   [0]
(0.3, 0.001, 8, 5)   [0]
(0.1, 0.01, 2, 3)    [0]
(0.3, 0.001, 2, 5)   [0]
(0.1, 0.0001, 2, 1)  [0]
(0.1, 0.01, 8, 5)    [0]
(0.2, 0.0001, 4, 1)  [0]
(0.3, 0.0001, 4, 3)  [0]
(0.3, 0.01, 4, 5)    [0]
(0.2, 0.001, 8, 3)   [0]
(0.3, 0.0001, 2, 3)  [0]
(0.3, 0.01, 8, 5)    [0]
(0.2, 0.01, 8, 1)    [0]
(0.3, 0.001, 4, 1)   [0]
(0.2, 0.001, 2, 1)   [0]
(0.3, 0.0001, 8, 3)  [0]
(0.3, 0.0001, 4, 5)  [0]
(0.2, 0.01, 2, 3)    [0]
(0.2, 0.0001, 2, 1)  [0]
-------------------  -------------------------------------------