-------------------  -------------------------------------------
(0.3, 0.0001, 8, 1)  [0.0034073591232299805, 0.8473801016807556]
(0.3, 0.001, 4, 1)   [0.0020382595248520374, 0.9284340143203735]
(0.1, 0.01, 4, 5)    [0.0047378032468259335, 0.8705742955207825]
(0.3, 0.01, 4, 3)    [0.0024174826685339212, 0.8860272169113159]
(0.3, 0.0001, 8, 5)  [0.007410726975649595, 0.8745855689048767]
(0.2, 0.001, 4, 3)   [0.0017057217191904783, 0.9465512037277222]
(0.2, 0.001, 2, 1)   [0.00400931341573596, 0.9288336634635925]
(0.1, 0.001, 2, 5)   [0.0015107562066987157, 0.9531675577163696]
(0.3, 0.01, 8, 5)    [0]
(0.2, 0.001, 8, 5)   [0]
(0.3, 0.01, 2, 3)    [0]
(0.1, 0.0001, 8, 1)  [0]
(0.1, 0.0001, 4, 3)  [0]
(0.1, 0.001, 2, 1)   [0]
(0.3, 0.0001, 4, 5)  [0]
(0.2, 0.0001, 2, 5)  [0]
(0.3, 0.0001, 2, 1)  [0]
(0.3, 0.0001, 4, 3)  [0]
(0.1, 0.01, 4, 3)    [0]
(0.3, 0.001, 8, 5)   [0]
(0.2, 0.0001, 8, 1)  [0]
(0.1, 0.001, 4, 1)   [0]
(0.2, 0.0001, 4, 5)  [0]
(0.1, 0.01, 2, 1)    [0]
(0.3, 0.001, 8, 1)   [0]
(0.2, 0.0001, 8, 5)  [0]
(0.1, 0.001, 4, 3)   [0]
(0.3, 0.001, 4, 3)   [0]
(0.3, 0.01, 2, 5)    [0]
(0.1, 0.0001, 2, 5)  [0]
(0.1, 0.01, 2, 5)    [0]
(0.2, 0.0001, 4, 1)  [0]
(0.1, 0.0001, 8, 3)  [0]
(0.1, 0.01, 4, 1)    [0]
(0.2, 0.01, 2, 5)    [0]
(0.3, 0.0001, 8, 3)  [0]
(0.3, 0.01, 4, 5)    [0]
(0.3, 0.001, 2, 3)   [0]
(0.3, 0.0001, 4, 1)  [0]
(0.2, 0.01, 8, 1)    [0]
(0.3, 0.001, 4, 5)   [0]
(0.1, 0.001, 8, 1)   [0]
(0.1, 0.0001, 4, 5)  [0]
(0.2, 0.0001, 2, 1)  [0]
(0.2, 0.01, 4, 5)    [0]
(0.3, 0.01, 8, 3)    [0]
(0.1, 0.0001, 2, 3)  [0]
(0.1, 0.001, 2, 3)   [0]
(0.2, 0.0001, 8, 3)  [0]
(0.3, 0.001, 2, 5)   [0]
(0.3, 0.01, 2, 1)    [0]
(0.2, 0.01, 4, 1)    [0]
(0.1, 0.0001, 8, 5)  [0]
(0.2, 0.01, 2, 3)    [0]
(0.2, 0.01, 8, 5)    [0]
(0.1, 0.001, 8, 5)   [0]
(0.2, 0.01, 4, 3)    [0]
(0.2, 0.001, 8, 1)   [0]
(0.1, 0.001, 4, 5)   [0]
(0.1, 0.01, 8, 1)    [0]
(0.1, 0.01, 2, 3)    [0]
(0.3, 0.01, 8, 1)    [0]
(0.2, 0.001, 8, 3)   [0]
(0.3, 0.0001, 2, 5)  [0]
(0.2, 0.01, 2, 1)    [0]
(0.1, 0.001, 8, 3)   [0]
(0.1, 0.01, 8, 3)    [0]
(0.2, 0.01, 8, 3)    [0]
(0.1, 0.0001, 2, 1)  [0]
(0.1, 0.01, 8, 5)    [0]
(0.2, 0.001, 2, 3)   [0]
(0.3, 0.01, 4, 1)    [0]
(0.2, 0.0001, 4, 3)  [0]
(0.1, 0.0001, 4, 1)  [0]
(0.2, 0.001, 4, 5)   [0]
(0.2, 0.001, 4, 1)   [0]
(0.3, 0.001, 2, 1)   [0]
(0.3, 0.0001, 2, 3)  [0]
(0.2, 0.001, 2, 5)   [0]
(0.3, 0.001, 8, 3)   [0]
(0.2, 0.0001, 2, 3)  [0]
-------------------  -------------------------------------------