-------------------  -------------------------------------------
(0.1, 0.01, 4, 5)    [0.001215397845953703, 0.9111308455467224]
(0.2, 0.01, 8, 1)    [0.011064983904361725, 0.9420663118362427]
(0.3, 0.0001, 4, 1)  [0.002984735881909728, 0.8465808033943176]
(0.3, 0.001, 4, 5)   [0.06995499134063721, 0.9494079351425171]
(0.1, 0.01, 2, 3)    [0.0012065928895026445, 0.9089254140853882]
(0.1, 0.01, 8, 1)    [0.011832654476165771, 0.952930748462677]
(0.1, 0.001, 2, 1)   [0.005744474940001965, 0.9502960443496704]
(0.2, 0.001, 8, 5)   [0.08580722659826279, 0.9188277125358582]
(0.2, 0.0001, 8, 3)  [0.0034157931804656982, 0.8774570822715759]
(0.2, 0.01, 4, 1)    [0.025484949350357056, 0.9268501996994019]
(0.1, 0.01, 4, 3)    [0.0008825293043628335, 0.9090290665626526]
(0.2, 0.0001, 8, 5)  [0.007078839931637049, 0.9019834399223328]
(0.3, 0.01, 4, 1)    [0]
(0.2, 0.01, 2, 5)    [0]
(0.1, 0.01, 2, 1)    [0]
(0.2, 0.01, 4, 5)    [0]
(0.3, 0.0001, 2, 1)  [0]
(0.1, 0.001, 8, 5)   [0]
(0.3, 0.001, 4, 1)   [0]
(0.3, 0.001, 4, 3)   [0]
(0.1, 0.01, 8, 5)    [0]
(0.2, 0.0001, 2, 5)  [0]
(0.2, 0.0001, 4, 1)  [0]
(0.3, 0.001, 2, 5)   [0]
(0.2, 0.001, 4, 3)   [0]
(0.2, 0.01, 2, 1)    [0]
(0.3, 0.01, 8, 3)    [0]
(0.3, 0.001, 2, 3)   [0]
(0.2, 0.01, 2, 3)    [0]
(0.3, 0.0001, 8, 3)  [0]
(0.3, 0.0001, 4, 3)  [0]
(0.2, 0.001, 8, 1)   [0]
(0.3, 0.001, 2, 1)   [0]
(0.1, 0.001, 4, 5)   [0]
(0.2, 0.001, 2, 3)   [0]
(0.1, 0.0001, 2, 1)  [0]
(0.3, 0.001, 8, 3)   [0]
(0.2, 0.001, 2, 1)   [0]
(0.3, 0.01, 2, 1)    [0]
(0.2, 0.0001, 4, 3)  [0]
(0.3, 0.01, 2, 3)    [0]
(0.2, 0.001, 8, 3)   [0]
(0.2, 0.0001, 2, 3)  [0]
(0.3, 0.01, 8, 5)    [0]
(0.3, 0.001, 8, 5)   [0]
(0.1, 0.001, 4, 1)   [0]
(0.1, 0.0001, 8, 1)  [0]
(0.3, 0.0001, 4, 5)  [0]
(0.3, 0.01, 8, 1)    [0]
(0.2, 0.0001, 2, 1)  [0]
(0.2, 0.001, 2, 5)   [0]
(0.2, 0.0001, 8, 1)  [0]
(0.1, 0.01, 8, 3)    [0]
(0.1, 0.0001, 2, 5)  [0]
(0.1, 0.0001, 8, 5)  [0]
(0.1, 0.001, 2, 3)   [0]
(0.3, 0.0001, 8, 5)  [0]
(0.1, 0.001, 2, 5)   [0]
(0.2, 0.01, 4, 3)    [0]
(0.3, 0.001, 8, 1)   [0]
(0.2, 0.001, 4, 1)   [0]
(0.3, 0.01, 4, 5)    [0]
(0.3, 0.01, 4, 3)    [0]
(0.1, 0.0001, 4, 1)  [0]
(0.1, 0.01, 4, 1)    [0]
(0.1, 0.0001, 8, 3)  [0]
(0.2, 0.001, 4, 5)   [0]
(0.2, 0.01, 8, 3)    [0]
(0.1, 0.0001, 4, 3)  [0]
(0.1, 0.0001, 2, 3)  [0]
(0.3, 0.01, 2, 5)    [0]
(0.1, 0.01, 2, 5)    [0]
(0.1, 0.001, 8, 1)   [0]
(0.2, 0.01, 8, 5)    [0]
(0.1, 0.0001, 4, 5)  [0]
(0.1, 0.001, 8, 3)   [0]
(0.3, 0.0001, 8, 1)  [0]
(0.3, 0.0001, 2, 5)  [0]
(0.1, 0.001, 4, 3)   [0]
(0.3, 0.0001, 2, 3)  [0]
(0.2, 0.0001, 4, 5)  [0]
-------------------  -------------------------------------------