-------------------  -------------------------------------------
(0.2, 0.01, 2, 0)    [0.002149048959836364, 0.8784191608428955]
(0.3, 0.01, 2, 0)    [0.0032300008460879326, 0.8750296235084534]
(0.2, 0.0001, 8, 0)  [0.00347782950848341, 0.8315127491950989]
(0.3, 0.01, 8, 0)    [0]
(0.1, 0.001, 8, 0)   [0]
(0.1, 0.01, 8, 0)    [0]
(0.2, 0.01, 8, 0)    [0]
(0.1, 0.0001, 2, 0)  [0]
(0.1, 0.01, 4, 0)    [0]
(0.1, 0.001, 4, 0)   [0]
(0.3, 0.0001, 8, 0)  [0]
(0.2, 0.0001, 2, 0)  [0]
(0.1, 0.0001, 4, 0)  [0]
(0.1, 0.01, 2, 0)    [0]
(0.3, 0.001, 2, 0)   [0]
(0.3, 0.001, 8, 0)   [0]
(0.3, 0.0001, 2, 0)  [0]
(0.3, 0.01, 4, 0)    [0]
(0.2, 0.0001, 4, 0)  [0]
(0.1, 0.0001, 8, 0)  [0]
(0.2, 0.001, 2, 0)   [0]
(0.2, 0.001, 8, 0)   [0]
(0.3, 0.0001, 4, 0)  [0]
(0.3, 0.001, 4, 0)   [0]
(0.1, 0.001, 2, 0)   [0]
(0.2, 0.01, 4, 0)    [0]
(0.2, 0.001, 4, 0)   [0]
-------------------  -------------------------------------------