-------------------  -------------------------------------------
(0.3, 0.0001, 4, 0)  [0.0043985554948449135, 0.8545441031455994]
(0.1, 0.0001, 8, 0)  [0]
(0.2, 0.0001, 2, 0)  [0]
(0.1, 0.001, 2, 0)   [0]
(0.1, 0.0001, 2, 0)  [0]
(0.2, 0.01, 2, 0)    [0]
(0.3, 0.01, 2, 0)    [0]
(0.2, 0.01, 4, 0)    [0]
(0.3, 0.01, 4, 0)    [0]
(0.1, 0.01, 8, 0)    [0]
(0.3, 0.01, 8, 0)    [0]
(0.2, 0.001, 8, 0)   [0]
(0.2, 0.0001, 8, 0)  [0]
(0.2, 0.01, 8, 0)    [0]
(0.1, 0.0001, 4, 0)  [0]
(0.3, 0.0001, 2, 0)  [0]
(0.1, 0.001, 8, 0)   [0]
(0.2, 0.001, 2, 0)   [0]
(0.3, 0.001, 2, 0)   [0]
(0.2, 0.0001, 4, 0)  [0]
(0.3, 0.001, 8, 0)   [0]
(0.1, 0.001, 4, 0)   [0]
(0.1, 0.01, 2, 0)    [0]
(0.3, 0.001, 4, 0)   [0]
(0.2, 0.001, 4, 0)   [0]
(0.3, 0.0001, 8, 0)  [0]
(0.1, 0.01, 4, 0)    [0]
-------------------  -------------------------------------------