-------------------  -------------------------------------------
(0.1, 0.001, 3, 0)   [0.02749752812087536, 0.6797707676887512]
(0.4, 0.001, 6, 0)   [0.026610923931002617, 0.6584212183952332]
(0.4, 0.01, 6, 0)    [0.0004869778058491647, 0.6874287724494934]
(0.3, 0.0001, 1, 0)  [0.008641432970762253, 0.6339466571807861]
(0.1, 0.0001, 6, 0)  [0.015473035164177418, 0.636978268623352]
(0.3, 0.001, 3, 0)   [0.025123929604887962, 0.6481053829193115]
(0.3, 0.001, 1, 0)   [0.006072541233152151, 0.6826672554016113]
(0.3, 0.01, 1, 0)    [0.008143390528857708, 0.6947593092918396]
(0.3, 0.0001, 3, 0)  [0.0007368027581833303, 0.6297670602798462]
(0.1, 0.01, 1, 0)    [0.006389679852873087, 0.6999925971031189]
(0.4, 0.001, 1, 0)   [0.029536405578255653, 0.6623316407203674]
(0.1, 0.001, 6, 0)   [0.010868776589632034, 0.6855055093765259]
(0.4, 0.01, 3, 0)    [0.0056253173388540745, 0.6971867680549622]
(0.1, 0.01, 6, 0)    [0.001684643910266459, 0.7055589556694031]
(0.1, 0.0001, 3, 0)  [0.000637466087937355, 0.6300057172775269]
(0.1, 0.0001, 1, 0)  [0.009336698800325394, 0.6337838768959045]
(0.4, 0.0001, 6, 0)  [0.0005697811138816178, 0.6303443312644958]
(0.3, 0.01, 3, 0)    [0.00677294610068202, 0.6925556659698486]
(0.4, 0.0001, 1, 0)  [0.014512473717331886, 0.6369838118553162]
(0.3, 0.0001, 6, 0)  [0]
(0.3, 0.001, 6, 0)   [0]
(0.3, 0.01, 6, 0)    [0]
(0.1, 0.001, 1, 0)   [0]
(0.1, 0.01, 3, 0)    [0]
(0.4, 0.01, 1, 0)    [0]
(0.4, 0.0001, 3, 0)  [0]
(0.4, 0.001, 3, 0)   [0]
-------------------  -------------------------------------------