-------------------  -------------------------------------------
(0.2, 0.01, 2, 5)    [0.0009439969435334206, 0.9101391434669495]
(0.3, 0.001, 4, 5)   [0.0037103842478245497, 0.9759473204612732]
(0.3, 0.0001, 8, 1)  [0.0020182724110782146, 0.8320159912109375]
(0.2, 0.001, 4, 3)   [0.007196045480668545, 0.9660745859146118]
(0.2, 0.0001, 2, 5)  [0.007765351328998804, 0.8885731101036072]
(0.3, 0.0001, 2, 3)  [0.0037039725575596094, 0.8580965399742126]
(0.2, 0.01, 4, 3)    [0.000796049484051764, 0.9083185195922852]
(0.3, 0.001, 8, 5)   [0.07814320921897888, 0.9047365188598633]
(0.2, 0.01, 8, 3)    [0.0015352062182500958, 0.9088662266731262]
(0.2, 0.01, 8, 1)    [0.02061435952782631, 0.9279603362083435]
(0.1, 0.001, 2, 1)   [0.007775153964757919, 0.9357755780220032]
(0.1, 0.001, 4, 3)   [0.0039282203651964664, 0.9640615582466125]
(0.3, 0.001, 2, 3)   [0.0057641020976006985, 0.9643279910087585]
(0.3, 0.01, 4, 3)    [0.0010947388364002109, 0.9062018990516663]
(0.2, 0.0001, 2, 3)  [0.0016790302470326424, 0.8649941086769104]
(0.3, 0.0001, 4, 5)  [0.004618736915290356, 0.8854795694351196]
(0.2, 0.0001, 8, 3)  [0]
(0.3, 0.01, 2, 3)    [0]
(0.1, 0.0001, 4, 3)  [0]
(0.2, 0.0001, 4, 3)  [0]
(0.2, 0.0001, 4, 5)  [0]
(0.2, 0.01, 4, 1)    [0]
(0.3, 0.001, 2, 5)   [0]
(0.3, 0.0001, 2, 1)  [0]
(0.1, 0.01, 2, 3)    [0]
(0.2, 0.0001, 8, 1)  [0]
(0.1, 0.001, 8, 1)   [0]
(0.1, 0.001, 2, 3)   [0]
(0.3, 0.0001, 2, 5)  [0]
(0.2, 0.01, 8, 5)    [0]
(0.2, 0.001, 4, 1)   [0]
(0.1, 0.0001, 4, 5)  [0]
(0.1, 0.01, 4, 5)    [0]
(0.3, 0.01, 8, 3)    [0]
(0.2, 0.01, 2, 3)    [0]
(0.3, 0.0001, 4, 1)  [0]
(0.1, 0.0001, 8, 5)  [0]
(0.1, 0.001, 4, 5)   [0]
(0.2, 0.001, 2, 3)   [0]
(0.1, 0.001, 8, 5)   [0]
(0.1, 0.01, 2, 1)    [0]
(0.1, 0.01, 8, 3)    [0]
(0.2, 0.001, 8, 5)   [0]
(0.2, 0.001, 2, 5)   [0]
(0.3, 0.0001, 8, 3)  [0]
(0.1, 0.0001, 2, 5)  [0]
(0.3, 0.0001, 4, 3)  [0]
(0.2, 0.01, 4, 5)    [0]
(0.1, 0.01, 8, 5)    [0]
(0.3, 0.01, 4, 5)    [0]
(0.3, 0.01, 8, 1)    [0]
(0.2, 0.0001, 2, 1)  [0]
(0.1, 0.0001, 4, 1)  [0]
(0.3, 0.001, 4, 3)   [0]
(0.2, 0.001, 4, 5)   [0]
(0.3, 0.01, 2, 1)    [0]
(0.1, 0.0001, 8, 1)  [0]
(0.2, 0.001, 8, 1)   [0]
(0.1, 0.0001, 8, 3)  [0]
(0.3, 0.0001, 8, 5)  [0]
(0.3, 0.001, 4, 1)   [0]
(0.2, 0.001, 2, 1)   [0]
(0.3, 0.001, 8, 1)   [0]
(0.1, 0.01, 4, 3)    [0]
(0.3, 0.001, 2, 1)   [0]
(0.1, 0.0001, 2, 1)  [0]
(0.1, 0.0001, 2, 3)  [0]
(0.3, 0.01, 8, 5)    [0]
(0.1, 0.001, 8, 3)   [0]
(0.1, 0.01, 8, 1)    [0]
(0.1, 0.001, 2, 5)   [0]
(0.2, 0.001, 8, 3)   [0]
(0.3, 0.01, 4, 1)    [0]
(0.1, 0.001, 4, 1)   [0]
(0.2, 0.0001, 8, 5)  [0]
(0.1, 0.01, 2, 5)    [0]
(0.3, 0.01, 2, 5)    [0]
(0.1, 0.01, 4, 1)    [0]
(0.3, 0.001, 8, 3)   [0]
(0.2, 0.01, 2, 1)    [0]
(0.2, 0.0001, 4, 1)  [0]
-------------------  -------------------------------------------