-------------------  -------------------------------------------
(0.3, 0.001, 4, 0)   [0.007264584768563509, 0.8939313292503357]
(0.1, 0.0001, 4, 0)  [0.005577836185693741, 0.8365452885627747]
(0.2, 0.0001, 8, 0)  [0.0033041308633983135, 0.8330965042114258]
(0.1, 0.01, 8, 0)    [0.002962190192192793, 0.8707815408706665]
(0.3, 0.0001, 4, 0)  [0.0019123767269775271, 0.8329041004180908]
(0.2, 0.0001, 4, 0)  [0.004727443680167198, 0.8350651264190674]
(0.3, 0.0001, 2, 0)  [0.006011008284986019, 0.8305506110191345]
(0.1, 0.01, 4, 0)    [0.0024618329480290413, 0.8700414299964905]
(0.2, 0.001, 2, 0)   [0.004584748297929764, 0.9104647636413574]
(0.2, 0.01, 4, 0)    [0.0012981949839740992, 0.8699822425842285]
(0.1, 0.0001, 2, 0)  [0.0048362030647695065, 0.837166965007782]
(0.1, 0.01, 2, 0)    [0.0015765713760629296, 0.8723652958869934]
(0.3, 0.0001, 8, 0)  [0]
(0.1, 0.0001, 8, 0)  [0]
(0.1, 0.001, 2, 0)   [0]
(0.2, 0.001, 8, 0)   [0]
(0.2, 0.01, 2, 0)    [0]
(0.1, 0.001, 4, 0)   [0]
(0.3, 0.001, 8, 0)   [0]
(0.3, 0.001, 2, 0)   [0]
(0.1, 0.001, 8, 0)   [0]
(0.2, 0.001, 4, 0)   [0]
(0.2, 0.01, 8, 0)    [0]
(0.3, 0.01, 2, 0)    [0]
(0.2, 0.0001, 2, 0)  [0]
(0.3, 0.01, 8, 0)    [0]
(0.3, 0.01, 4, 0)    [0]
-------------------  -------------------------------------------