-------------------  -------------------------------------------
(0.1, 0.01, 4, 0)    [0.0031757280230522156, 0.9192125201225281]
(0.1, 0.0001, 2, 0)  [0.0015492273960262537, 0.834902286529541]
(0.3, 0.001, 8, 0)   [0.0029092910699546337, 0.9096803069114685]
(0.1, 0.001, 4, 0)   [0.004166009370237589, 0.9138691425323486]
(0.2, 0.01, 2, 0)    [0.020514674484729767, 0.9005180597305298]
(0.3, 0.01, 8, 0)    [0.02228197641670704, 0.9053581953048706]
(0.2, 0.01, 4, 0)    [0.0226548220962286, 0.9106867909431458]
(0.3, 0.01, 4, 0)    [0]
(0.3, 0.01, 2, 0)    [0]
(0.2, 0.01, 8, 0)    [0]
(0.2, 0.0001, 2, 0)  [0]
(0.3, 0.0001, 4, 0)  [0]
(0.2, 0.0001, 4, 0)  [0]
(0.2, 0.001, 4, 0)   [0]
(0.1, 0.0001, 8, 0)  [0]
(0.1, 0.0001, 4, 0)  [0]
(0.2, 0.001, 8, 0)   [0]
(0.1, 0.01, 8, 0)    [0]
(0.3, 0.001, 4, 0)   [0]
(0.2, 0.0001, 8, 0)  [0]
(0.3, 0.001, 2, 0)   [0]
(0.3, 0.0001, 2, 0)  [0]
(0.3, 0.0001, 8, 0)  [0]
(0.1, 0.001, 8, 0)   [0]
(0.1, 0.001, 2, 0)   [0]
(0.1, 0.01, 2, 0)    [0]
(0.2, 0.001, 2, 0)   [0]
-------------------  -------------------------------------------