-------------------  -------------------------------------------
(0.1, 0.0001, 8, 5)  [0.0022304649464786053, 0.9338809847831726]
(0.2, 0.001, 8, 3)   [0.006487997714430094, 0.9497928023338318]
(0.3, 0.001, 8, 5)   [0.06883496791124344, 0.8996891379356384]
(0.1, 0.0001, 8, 3)  [0]
(0.2, 0.0001, 4, 5)  [0]
(0.2, 0.001, 8, 5)   [0]
(0.1, 0.001, 8, 5)   [0]
(0.2, 0.0001, 2, 1)  [0]
(0.2, 0.001, 4, 1)   [0]
(0.1, 0.001, 4, 1)   [0]
(0.1, 0.001, 8, 3)   [0]
(0.3, 0.01, 2, 1)    [0]
(0.2, 0.0001, 8, 3)  [0]
(0.3, 0.0001, 2, 5)  [0]
(0.3, 0.001, 2, 1)   [0]
(0.1, 0.01, 4, 5)    [0]
(0.3, 0.0001, 2, 3)  [0]
(0.3, 0.0001, 4, 1)  [0]
(0.2, 0.01, 4, 3)    [0]
(0.3, 0.01, 8, 1)    [0]
(0.3, 0.01, 8, 5)    [0]
(0.2, 0.01, 2, 3)    [0]
(0.3, 0.0001, 8, 5)  [0]
(0.1, 0.0001, 2, 1)  [0]
(0.3, 0.0001, 4, 5)  [0]
(0.1, 0.01, 4, 3)    [0]
(0.1, 0.01, 2, 1)    [0]
(0.3, 0.001, 4, 3)   [0]
(0.1, 0.01, 8, 5)    [0]
(0.3, 0.0001, 8, 1)  [0]
(0.3, 0.01, 4, 3)    [0]
(0.2, 0.001, 2, 1)   [0]
(0.2, 0.01, 8, 1)    [0]
(0.2, 0.01, 8, 5)    [0]
(0.1, 0.0001, 4, 5)  [0]
(0.2, 0.0001, 2, 3)  [0]
(0.1, 0.001, 2, 5)   [0]
(0.3, 0.001, 2, 3)   [0]
(0.1, 0.01, 2, 5)    [0]
(0.3, 0.01, 2, 5)    [0]
(0.3, 0.0001, 4, 3)  [0]
(0.1, 0.001, 8, 1)   [0]
(0.2, 0.0001, 2, 5)  [0]
(0.3, 0.001, 4, 5)   [0]
(0.2, 0.01, 8, 3)    [0]
(0.1, 0.001, 2, 1)   [0]
(0.2, 0.01, 2, 5)    [0]
(0.3, 0.0001, 8, 3)  [0]
(0.2, 0.0001, 8, 5)  [0]
(0.1, 0.0001, 2, 5)  [0]
(0.3, 0.001, 8, 3)   [0]
(0.3, 0.001, 4, 1)   [0]
(0.3, 0.01, 2, 3)    [0]
(0.2, 0.0001, 4, 1)  [0]
(0.1, 0.01, 8, 3)    [0]
(0.2, 0.01, 4, 1)    [0]
(0.2, 0.01, 2, 1)    [0]
(0.1, 0.0001, 4, 1)  [0]
(0.2, 0.001, 2, 5)   [0]
(0.1, 0.0001, 4, 3)  [0]
(0.1, 0.01, 8, 1)    [0]
(0.2, 0.01, 4, 5)    [0]
(0.1, 0.01, 2, 3)    [0]
(0.1, 0.0001, 2, 3)  [0]
(0.3, 0.01, 8, 3)    [0]
(0.3, 0.0001, 2, 1)  [0]
(0.2, 0.0001, 8, 1)  [0]
(0.2, 0.001, 4, 5)   [0]
(0.2, 0.0001, 4, 3)  [0]
(0.2, 0.001, 4, 3)   [0]
(0.3, 0.001, 8, 1)   [0]
(0.3, 0.001, 2, 5)   [0]
(0.2, 0.001, 2, 3)   [0]
(0.1, 0.0001, 8, 1)  [0]
(0.1, 0.001, 2, 3)   [0]
(0.3, 0.01, 4, 1)    [0]
(0.1, 0.01, 4, 1)    [0]
(0.1, 0.001, 4, 3)   [0]
(0.2, 0.001, 8, 1)   [0]
(0.3, 0.01, 4, 5)    [0]
(0.1, 0.001, 4, 5)   [0]
-------------------  -------------------------------------------