-------------------  -------------------------------------------
(0.2, 0.01, 4, 0)    [0.0040024155750870705, 0.8747187852859497]
(0.2, 0.001, 8, 0)   [0.005114760249853134, 0.9144167900085449]
(0.3, 0.01, 8, 0)    [0.0017224932089447975, 0.8743191361427307]
(0.3, 0.01, 2, 0)    [0.00247423374094069, 0.875606894493103]
(0.2, 0.001, 4, 0)   [0.0027589350938796997, 0.9140172004699707]
(0.2, 0.0001, 4, 0)  [0.003903194097802043, 0.8374778032302856]
(0.2, 0.0001, 8, 0)  [0]
(0.2, 0.001, 2, 0)   [0]
(0.3, 0.0001, 4, 0)  [0]
(0.3, 0.01, 4, 0)    [0]
(0.3, 0.0001, 2, 0)  [0]
(0.2, 0.0001, 2, 0)  [0]
(0.3, 0.001, 2, 0)   [0]
(0.1, 0.0001, 2, 0)  [0]
(0.1, 0.0001, 8, 0)  [0]
(0.1, 0.01, 4, 0)    [0]
(0.1, 0.001, 2, 0)   [0]
(0.3, 0.001, 8, 0)   [0]
(0.1, 0.0001, 4, 0)  [0]
(0.1, 0.01, 2, 0)    [0]
(0.2, 0.01, 8, 0)    [0]
(0.3, 0.001, 4, 0)   [0]
(0.2, 0.01, 2, 0)    [0]
(0.1, 0.001, 8, 0)   [0]
(0.1, 0.001, 4, 0)   [0]
(0.1, 0.01, 8, 0)    [0]
(0.3, 0.0001, 8, 0)  [0]
-------------------  -------------------------------------------