-------------------  -------------------------------------------
(0.2, 0.01, 2, 0)    [0.0020305910147726536, 0.875325620174408]
(0.3, 0.001, 8, 0)   [0.005553922150284052, 0.9026198983192444]
(0.2, 0.01, 4, 0)    [0.0019252090714871883, 0.8753552436828613]
(0.2, 0.0001, 2, 0)  [0.0025039389729499817, 0.828730046749115]
(0.2, 0.01, 8, 0)    [0.0032221160363405943, 0.874925971031189]
(0.1, 0.0001, 2, 0)  [0.0019408094231039286, 0.8313499093055725]
(0.1, 0.01, 4, 0)    [0.0021445751190185547, 0.875799298286438]
(0.3, 0.01, 2, 0)    [0.0014952602796256542, 0.8744227290153503]
(0.3, 0.01, 4, 0)    [0]
(0.3, 0.0001, 8, 0)  [0]
(0.3, 0.01, 8, 0)    [0]
(0.3, 0.001, 4, 0)   [0]
(0.1, 0.01, 8, 0)    [0]
(0.2, 0.001, 4, 0)   [0]
(0.3, 0.001, 2, 0)   [0]
(0.1, 0.0001, 4, 0)  [0]
(0.1, 0.01, 2, 0)    [0]
(0.2, 0.001, 2, 0)   [0]
(0.1, 0.0001, 8, 0)  [0]
(0.3, 0.0001, 4, 0)  [0]
(0.3, 0.0001, 2, 0)  [0]
(0.1, 0.001, 4, 0)   [0]
(0.2, 0.0001, 8, 0)  [0]
(0.2, 0.0001, 4, 0)  [0]
(0.1, 0.001, 2, 0)   [0]
(0.1, 0.001, 8, 0)   [0]
(0.2, 0.001, 8, 0)   [0]
-------------------  -------------------------------------------