-------------------  -------------------------------------------
(0.1, 0.001, 4, 5)   [0.05254576355218887, 0.8505032658576965]
(0.1, 0.001, 2, 3)   [0.0025132354348897934, 0.9447010159492493]
(0.3, 0.001, 4, 1)   [0.0018356458749622107, 0.9288928508758545]
(0.3, 0.0001, 8, 1)  [0.004144270438700914, 0.8877442479133606]
(0.1, 0.001, 2, 5)   [0.06779458373785019, 0.8721580505371094]
(0.2, 0.01, 4, 5)    [0.005663688760250807, 0.8670070767402649]
(0.3, 0.001, 4, 3)   [0.005813865456730127, 0.9433984756469727]
(0.2, 0.001, 2, 1)   [0.005085501819849014, 0.9330669045448303]
(0.1, 0.001, 8, 1)   [0.0031803708989173174, 0.935109555721283]
(0.3, 0.01, 4, 5)    [0.00286566698923707, 0.8696418404579163]
(0.2, 0.01, 8, 3)    [0]
(0.3, 0.01, 8, 1)    [0]
(0.1, 0.0001, 2, 1)  [0]
(0.2, 0.001, 8, 5)   [0]
(0.3, 0.0001, 8, 5)  [0]
(0.2, 0.01, 8, 1)    [0]
(0.3, 0.01, 8, 5)    [0]
(0.2, 0.0001, 8, 3)  [0]
(0.2, 0.001, 8, 1)   [0]
(0.3, 0.001, 2, 5)   [0]
(0.2, 0.0001, 4, 3)  [0]
(0.1, 0.01, 8, 3)    [0]
(0.3, 0.01, 2, 1)    [0]
(0.1, 0.01, 8, 5)    [0]
(0.2, 0.01, 4, 1)    [0]
(0.3, 0.001, 2, 3)   [0]
(0.2, 0.001, 4, 1)   [0]
(0.1, 0.01, 8, 1)    [0]
(0.2, 0.0001, 8, 1)  [0]
(0.1, 0.0001, 4, 5)  [0]
(0.2, 0.01, 2, 1)    [0]
(0.3, 0.01, 4, 1)    [0]
(0.2, 0.0001, 4, 1)  [0]
(0.2, 0.0001, 2, 5)  [0]
(0.3, 0.001, 4, 5)   [0]
(0.3, 0.0001, 4, 3)  [0]
(0.2, 0.001, 2, 5)   [0]
(0.1, 0.01, 4, 1)    [0]
(0.3, 0.001, 8, 1)   [0]
(0.1, 0.001, 8, 5)   [0]
(0.3, 0.01, 4, 3)    [0]
(0.3, 0.0001, 4, 5)  [0]
(0.2, 0.001, 4, 3)   [0]
(0.3, 0.001, 8, 5)   [0]
(0.1, 0.01, 2, 3)    [0]
(0.1, 0.0001, 8, 5)  [0]
(0.2, 0.0001, 2, 3)  [0]
(0.3, 0.001, 2, 1)   [0]
(0.2, 0.0001, 8, 5)  [0]
(0.1, 0.01, 2, 1)    [0]
(0.3, 0.01, 2, 3)    [0]
(0.1, 0.0001, 2, 3)  [0]
(0.2, 0.0001, 2, 1)  [0]
(0.2, 0.01, 4, 3)    [0]
(0.1, 0.0001, 4, 1)  [0]
(0.3, 0.001, 8, 3)   [0]
(0.1, 0.001, 4, 1)   [0]
(0.2, 0.0001, 4, 5)  [0]
(0.2, 0.001, 8, 3)   [0]
(0.2, 0.01, 2, 3)    [0]
(0.1, 0.001, 4, 3)   [0]
(0.3, 0.01, 2, 5)    [0]
(0.1, 0.001, 2, 1)   [0]
(0.1, 0.0001, 8, 1)  [0]
(0.3, 0.0001, 2, 1)  [0]
(0.2, 0.01, 2, 5)    [0]
(0.3, 0.0001, 2, 3)  [0]
(0.1, 0.0001, 4, 3)  [0]
(0.3, 0.0001, 8, 3)  [0]
(0.3, 0.0001, 2, 5)  [0]
(0.2, 0.001, 4, 5)   [0]
(0.1, 0.0001, 2, 5)  [0]
(0.1, 0.001, 8, 3)   [0]
(0.2, 0.01, 8, 5)    [0]
(0.1, 0.0001, 8, 3)  [0]
(0.3, 0.01, 8, 3)    [0]
(0.1, 0.01, 4, 3)    [0]
(0.1, 0.01, 2, 5)    [0]
(0.2, 0.001, 2, 3)   [0]
(0.1, 0.01, 4, 5)    [0]
(0.3, 0.0001, 4, 1)  [0]
-------------------  -------------------------------------------