-------------------  -------------------------------------------
(0.3, 0.01, 4, 5)    [0.0016976870829239488, 0.9106572270393372]
(0.1, 0.01, 2, 1)    [0.0034985693637281656, 0.9613528847694397]
(0.3, 0.001, 8, 5)   [0.08939941227436066, 0.9178212285041809]
(0.3, 0.001, 2, 3)   [0.0007909028208814561, 0.9767761826515198]
(0.2, 0.0001, 2, 5)  [0.011199841275811195, 0.9096359014511108]
(0.1, 0.01, 4, 5)    [0.0013409642269834876, 0.9100503325462341]
(0.3, 0.0001, 2, 5)  [0.004662929102778435, 0.9017022252082825]
(0.3, 0.01, 2, 1)    [0]
(0.1, 0.0001, 4, 3)  [0]
(0.3, 0.01, 2, 3)    [0]
(0.1, 0.0001, 8, 1)  [0]
(0.1, 0.001, 2, 5)   [0]
(0.3, 0.01, 8, 3)    [0]
(0.2, 0.001, 2, 5)   [0]
(0.1, 0.001, 4, 5)   [0]
(0.1, 0.01, 4, 1)    [0]
(0.3, 0.0001, 4, 3)  [0]
(0.3, 0.0001, 4, 1)  [0]
(0.3, 0.0001, 8, 1)  [0]
(0.1, 0.0001, 2, 5)  [0]
(0.2, 0.0001, 4, 3)  [0]
(0.2, 0.001, 8, 1)   [0]
(0.2, 0.01, 4, 3)    [0]
(0.2, 0.001, 8, 5)   [0]
(0.1, 0.0001, 8, 3)  [0]
(0.3, 0.0001, 8, 5)  [0]
(0.1, 0.01, 8, 5)    [0]
(0.2, 0.0001, 8, 3)  [0]
(0.1, 0.0001, 2, 1)  [0]
(0.3, 0.001, 4, 5)   [0]
(0.2, 0.001, 4, 3)   [0]
(0.3, 0.001, 4, 3)   [0]
(0.3, 0.0001, 2, 1)  [0]
(0.1, 0.001, 4, 3)   [0]
(0.3, 0.001, 2, 5)   [0]
(0.3, 0.01, 4, 3)    [0]
(0.2, 0.0001, 8, 5)  [0]
(0.2, 0.01, 8, 1)    [0]
(0.3, 0.01, 8, 5)    [0]
(0.3, 0.0001, 4, 5)  [0]
(0.1, 0.001, 8, 3)   [0]
(0.2, 0.01, 8, 3)    [0]
(0.2, 0.0001, 4, 5)  [0]
(0.3, 0.001, 4, 1)   [0]
(0.1, 0.0001, 4, 5)  [0]
(0.3, 0.001, 8, 3)   [0]
(0.1, 0.0001, 8, 5)  [0]
(0.2, 0.001, 2, 3)   [0]
(0.1, 0.0001, 4, 1)  [0]
(0.2, 0.01, 2, 5)    [0]
(0.1, 0.001, 2, 1)   [0]
(0.1, 0.01, 8, 1)    [0]
(0.2, 0.001, 8, 3)   [0]
(0.1, 0.001, 4, 1)   [0]
(0.2, 0.0001, 2, 3)  [0]
(0.1, 0.01, 2, 5)    [0]
(0.3, 0.0001, 8, 3)  [0]
(0.2, 0.01, 2, 3)    [0]
(0.2, 0.0001, 4, 1)  [0]
(0.3, 0.01, 8, 1)    [0]
(0.1, 0.0001, 2, 3)  [0]
(0.1, 0.01, 4, 3)    [0]
(0.2, 0.001, 4, 5)   [0]
(0.2, 0.0001, 2, 1)  [0]
(0.1, 0.01, 2, 3)    [0]
(0.3, 0.01, 4, 1)    [0]
(0.2, 0.001, 4, 1)   [0]
(0.2, 0.01, 8, 5)    [0]
(0.2, 0.0001, 8, 1)  [0]
(0.1, 0.01, 8, 3)    [0]
(0.3, 0.0001, 2, 3)  [0]
(0.1, 0.001, 2, 3)   [0]
(0.2, 0.001, 2, 1)   [0]
(0.1, 0.001, 8, 1)   [0]
(0.1, 0.001, 8, 5)   [0]
(0.3, 0.001, 2, 1)   [0]
(0.3, 0.001, 8, 1)   [0]
(0.2, 0.01, 4, 5)    [0]
(0.2, 0.01, 2, 1)    [0]
(0.3, 0.01, 2, 5)    [0]
(0.2, 0.01, 4, 1)    [0]
-------------------  -------------------------------------------