-------------------  -------------------------------------------
(0.3, 0.01, 4, 1)    [0.023146919906139374, 0.9190348982810974]
(0.2, 0.01, 2, 3)    [0.0016286817844957113, 0.8880550861358643]
(0.2, 0.01, 2, 1)    [0.024714378640055656, 0.9185909032821655]
(0.3, 0.0001, 4, 5)  [0.006330943200737238, 0.9160153865814209]
(0.3, 0.0001, 8, 3)  [0.006143713369965553, 0.9009473323822021]
(0.1, 0.01, 4, 1)    [0]
(0.2, 0.0001, 8, 3)  [0]
(0.1, 0.0001, 2, 1)  [0]
(0.3, 0.01, 4, 3)    [0]
(0.2, 0.001, 2, 5)   [0]
(0.1, 0.01, 4, 5)    [0]
(0.1, 0.0001, 4, 1)  [0]
(0.1, 0.01, 8, 3)    [0]
(0.1, 0.001, 4, 5)   [0]
(0.3, 0.01, 2, 1)    [0]
(0.2, 0.001, 4, 5)   [0]
(0.2, 0.001, 2, 1)   [0]
(0.3, 0.001, 2, 5)   [0]
(0.1, 0.001, 2, 1)   [0]
(0.2, 0.001, 4, 1)   [0]
(0.1, 0.0001, 4, 3)  [0]
(0.1, 0.01, 2, 3)    [0]
(0.2, 0.0001, 2, 1)  [0]
(0.1, 0.0001, 8, 3)  [0]
(0.1, 0.001, 2, 3)   [0]
(0.3, 0.001, 8, 1)   [0]
(0.2, 0.01, 2, 5)    [0]
(0.1, 0.01, 4, 3)    [0]
(0.3, 0.0001, 8, 1)  [0]
(0.3, 0.001, 4, 5)   [0]
(0.2, 0.001, 8, 1)   [0]
(0.1, 0.0001, 8, 1)  [0]
(0.3, 0.01, 8, 5)    [0]
(0.1, 0.001, 8, 5)   [0]
(0.1, 0.001, 4, 1)   [0]
(0.2, 0.0001, 4, 1)  [0]
(0.3, 0.01, 8, 3)    [0]
(0.3, 0.01, 2, 3)    [0]
(0.1, 0.01, 2, 5)    [0]
(0.1, 0.0001, 4, 5)  [0]
(0.3, 0.001, 2, 3)   [0]
(0.3, 0.001, 2, 1)   [0]
(0.3, 0.0001, 4, 1)  [0]
(0.2, 0.0001, 8, 5)  [0]
(0.2, 0.001, 2, 3)   [0]
(0.2, 0.01, 4, 1)    [0]
(0.3, 0.001, 4, 1)   [0]
(0.2, 0.01, 4, 5)    [0]
(0.3, 0.0001, 2, 5)  [0]
(0.1, 0.0001, 2, 5)  [0]
(0.3, 0.0001, 2, 3)  [0]
(0.3, 0.0001, 2, 1)  [0]
(0.3, 0.01, 8, 1)    [0]
(0.2, 0.001, 8, 3)   [0]
(0.2, 0.001, 8, 5)   [0]
(0.2, 0.01, 8, 1)    [0]
(0.2, 0.0001, 8, 1)  [0]
(0.1, 0.001, 2, 5)   [0]
(0.1, 0.001, 8, 1)   [0]
(0.2, 0.0001, 4, 3)  [0]
(0.3, 0.0001, 8, 5)  [0]
(0.3, 0.001, 8, 3)   [0]
(0.1, 0.001, 8, 3)   [0]
(0.1, 0.01, 2, 1)    [0]
(0.3, 0.01, 2, 5)    [0]
(0.1, 0.0001, 8, 5)  [0]
(0.2, 0.0001, 2, 5)  [0]
(0.1, 0.0001, 2, 3)  [0]
(0.3, 0.001, 4, 3)   [0]
(0.1, 0.01, 8, 1)    [0]
(0.2, 0.0001, 4, 5)  [0]
(0.1, 0.01, 8, 5)    [0]
(0.2, 0.01, 4, 3)    [0]
(0.2, 0.01, 8, 5)    [0]
(0.3, 0.001, 8, 5)   [0]
(0.2, 0.0001, 2, 3)  [0]
(0.2, 0.01, 8, 3)    [0]
(0.3, 0.01, 4, 5)    [0]
(0.3, 0.0001, 4, 3)  [0]
(0.2, 0.001, 4, 3)   [0]
(0.1, 0.001, 4, 3)   [0]
-------------------  -------------------------------------------