-------------------  -------------------------------------------
(0.3, 0.001, 8, 3)   [0.003622021758928895, 0.9452190399169922]
(0.1, 0.001, 2, 5)   [0.0026125905569642782, 0.9570159912109375]
(0.2, 0.01, 4, 5)    [0.0034214698243886232, 0.8657785654067993]
(0.1, 0.001, 8, 1)   [0]
(0.3, 0.01, 8, 3)    [0]
(0.2, 0.0001, 2, 3)  [0]
(0.1, 0.001, 4, 5)   [0]
(0.1, 0.0001, 2, 3)  [0]
(0.1, 0.01, 4, 5)    [0]
(0.1, 0.0001, 2, 5)  [0]
(0.1, 0.01, 8, 5)    [0]
(0.3, 0.0001, 2, 3)  [0]
(0.3, 0.0001, 4, 5)  [0]
(0.3, 0.001, 2, 1)   [0]
(0.3, 0.001, 4, 1)   [0]
(0.2, 0.0001, 2, 1)  [0]
(0.3, 0.001, 8, 1)   [0]
(0.3, 0.0001, 8, 3)  [0]
(0.3, 0.01, 2, 1)    [0]
(0.3, 0.001, 2, 5)   [0]
(0.1, 0.01, 4, 1)    [0]
(0.1, 0.01, 8, 1)    [0]
(0.1, 0.001, 8, 3)   [0]
(0.3, 0.0001, 2, 1)  [0]
(0.1, 0.0001, 8, 5)  [0]
(0.3, 0.0001, 8, 5)  [0]
(0.2, 0.001, 4, 3)   [0]
(0.3, 0.001, 4, 5)   [0]
(0.3, 0.01, 2, 5)    [0]
(0.2, 0.01, 2, 3)    [0]
(0.3, 0.01, 4, 3)    [0]
(0.1, 0.01, 2, 3)    [0]
(0.1, 0.0001, 4, 5)  [0]
(0.2, 0.0001, 4, 5)  [0]
(0.2, 0.01, 2, 5)    [0]
(0.1, 0.0001, 8, 1)  [0]
(0.2, 0.001, 8, 5)   [0]
(0.3, 0.01, 8, 5)    [0]
(0.1, 0.001, 2, 1)   [0]
(0.2, 0.01, 8, 1)    [0]
(0.1, 0.0001, 4, 3)  [0]
(0.3, 0.01, 2, 3)    [0]
(0.1, 0.001, 4, 3)   [0]
(0.1, 0.001, 2, 3)   [0]
(0.1, 0.001, 4, 1)   [0]
(0.3, 0.001, 2, 3)   [0]
(0.2, 0.001, 2, 1)   [0]
(0.2, 0.01, 4, 3)    [0]
(0.2, 0.0001, 2, 5)  [0]
(0.3, 0.01, 8, 1)    [0]
(0.2, 0.001, 4, 5)   [0]
(0.1, 0.0001, 8, 3)  [0]
(0.1, 0.0001, 4, 1)  [0]
(0.2, 0.0001, 4, 3)  [0]
(0.1, 0.01, 8, 3)    [0]
(0.2, 0.0001, 4, 1)  [0]
(0.2, 0.0001, 8, 5)  [0]
(0.2, 0.01, 8, 5)    [0]
(0.1, 0.01, 2, 1)    [0]
(0.2, 0.01, 4, 1)    [0]
(0.3, 0.0001, 8, 1)  [0]
(0.3, 0.01, 4, 1)    [0]
(0.1, 0.0001, 2, 1)  [0]
(0.2, 0.001, 2, 5)   [0]
(0.2, 0.001, 8, 3)   [0]
(0.3, 0.0001, 2, 5)  [0]
(0.2, 0.0001, 8, 3)  [0]
(0.1, 0.001, 8, 5)   [0]
(0.1, 0.01, 2, 5)    [0]
(0.1, 0.01, 4, 3)    [0]
(0.2, 0.0001, 8, 1)  [0]
(0.2, 0.01, 8, 3)    [0]
(0.2, 0.001, 4, 1)   [0]
(0.3, 0.001, 4, 3)   [0]
(0.3, 0.001, 8, 5)   [0]
(0.3, 0.0001, 4, 1)  [0]
(0.3, 0.0001, 4, 3)  [0]
(0.3, 0.01, 4, 5)    [0]
(0.2, 0.001, 2, 3)   [0]
(0.2, 0.001, 8, 1)   [0]
(0.2, 0.01, 2, 1)    [0]
-------------------  -------------------------------------------